{"C:\\Users\\UCHE\\Desktop\\projects\\wayFarer API\\app.js":{"path":"C:\\Users\\UCHE\\Desktop\\projects\\wayFarer API\\app.js","statementMap":{"0":{"start":{"line":3,"column":0},"end":{"line":5,"column":3}},"1":{"start":{"line":6,"column":0},"end":{"line":6,"column":28}},"2":{"start":{"line":8,"column":15},"end":{"line":8,"column":57}},"3":{"start":{"line":10,"column":18},"end":{"line":10,"column":64}},"4":{"start":{"line":12,"column":13},"end":{"line":12,"column":62}},"5":{"start":{"line":14,"column":39},"end":{"line":14,"column":95}},"6":{"start":{"line":16,"column":10},"end":{"line":16,"column":36}},"7":{"start":{"line":17,"column":0},"end":{"line":17,"column":39}},"8":{"start":{"line":18,"column":0},"end":{"line":20,"column":4}},"9":{"start":{"line":21,"column":0},"end":{"line":21,"column":39}},"10":{"start":{"line":22,"column":0},"end":{"line":26,"column":3}},"11":{"start":{"line":23,"column":2},"end":{"line":25,"column":5}},"12":{"start":{"line":27,"column":11},"end":{"line":27,"column":35}},"13":{"start":{"line":28,"column":0},"end":{"line":30,"column":3}},"14":{"start":{"line":29,"column":2},"end":{"line":29,"column":60}},"15":{"start":{"line":31,"column":15},"end":{"line":31,"column":18}},"16":{"start":{"line":32,"column":0},"end":{"line":32,"column":30}}},"fnMap":{"0":{"name":"_interopRequireDefault","decl":{"start":{"line":14,"column":9},"end":{"line":14,"column":31}},"loc":{"start":{"line":14,"column":37},"end":{"line":14,"column":97}},"line":14},"1":{"name":"(anonymous_1)","decl":{"start":{"line":22,"column":13},"end":{"line":22,"column":14}},"loc":{"start":{"line":22,"column":33},"end":{"line":26,"column":1}},"line":22},"2":{"name":"(anonymous_2)","decl":{"start":{"line":28,"column":17},"end":{"line":28,"column":18}},"loc":{"start":{"line":28,"column":29},"end":{"line":30,"column":1}},"line":28}},"branchMap":{"0":{"loc":{"start":{"line":14,"column":46},"end":{"line":14,"column":94}},"type":"cond-expr","locations":[{"start":{"line":14,"column":70},"end":{"line":14,"column":73}},{"start":{"line":14,"column":76},"end":{"line":14,"column":94}}],"line":14},"1":{"loc":{"start":{"line":14,"column":46},"end":{"line":14,"column":67}},"type":"binary-expr","locations":[{"start":{"line":14,"column":46},"end":{"line":14,"column":49}},{"start":{"line":14,"column":53},"end":{"line":14,"column":67}}],"line":14},"2":{"loc":{"start":{"line":27,"column":11},"end":{"line":27,"column":35}},"type":"binary-expr","locations":[{"start":{"line":27,"column":11},"end":{"line":27,"column":27}},{"start":{"line":27,"column":31},"end":{"line":27,"column":35}}],"line":27}},"s":{"0":1,"1":1,"2":1,"3":1,"4":1,"5":3,"6":1,"7":1,"8":1,"9":1,"10":1,"11":1,"12":1,"13":1,"14":1,"15":1,"16":1},"f":{"0":3,"1":1,"2":1},"b":{"0":[1,2],"1":[3,3],"2":[1,1]},"_coverageSchema":"43e27e138ebf9cfc5966b082cf9a028302ed4184","hash":"033f7b9a29c44c7647aefbd0a508a6ea177bac02","contentHash":"a938df7e33ba33ce4ea45238c1f318d38738cbb37f2e6c2122576a28b7887124"},"C:\\Users\\UCHE\\Desktop\\projects\\wayFarer API\\routes\\index.js":{"path":"C:\\Users\\UCHE\\Desktop\\projects\\wayFarer API\\routes\\index.js","statementMap":{"0":{"start":{"line":3,"column":0},"end":{"line":5,"column":3}},"1":{"start":{"line":6,"column":0},"end":{"line":6,"column":28}},"2":{"start":{"line":8,"column":15},"end":{"line":8,"column":57}},"3":{"start":{"line":10,"column":23},"end":{"line":10,"column":64}},"4":{"start":{"line":12,"column":23},"end":{"line":12,"column":88}},"5":{"start":{"line":14,"column":21},"end":{"line":14,"column":84}},"6":{"start":{"line":16,"column":25},"end":{"line":16,"column":92}},"7":{"start":{"line":18,"column":18},"end":{"line":18,"column":78}},"8":{"start":{"line":20,"column":20},"end":{"line":20,"column":58}},"9":{"start":{"line":22,"column":39},"end":{"line":22,"column":95}},"10":{"start":{"line":24,"column":13},"end":{"line":24,"column":41}},"11":{"start":{"line":26,"column":13},"end":{"line":26,"column":52}},"12":{"start":{"line":27,"column":12},"end":{"line":27,"column":50}},"13":{"start":{"line":28,"column":17},"end":{"line":28,"column":55}},"14":{"start":{"line":29,"column":18},"end":{"line":29,"column":57}},"15":{"start":{"line":30,"column":22},"end":{"line":30,"column":65}},"16":{"start":{"line":31,"column":23},"end":{"line":31,"column":67}},"17":{"start":{"line":32,"column":18},"end":{"line":32,"column":57}},"18":{"start":{"line":33,"column":21},"end":{"line":33,"column":63}},"19":{"start":{"line":34,"column":16},"end":{"line":34,"column":51}},"20":{"start":{"line":35,"column":13},"end":{"line":35,"column":45}},"21":{"start":{"line":36,"column":21},"end":{"line":36,"column":61}},"22":{"start":{"line":37,"column":20},"end":{"line":37,"column":59}},"23":{"start":{"line":38,"column":17},"end":{"line":38,"column":53}},"24":{"start":{"line":39,"column":20},"end":{"line":39,"column":63}},"25":{"start":{"line":40,"column":18},"end":{"line":40,"column":59}},"26":{"start":{"line":41,"column":21},"end":{"line":41,"column":65}},"27":{"start":{"line":42,"column":0},"end":{"line":42,"column":65}},"28":{"start":{"line":43,"column":0},"end":{"line":43,"column":63}},"29":{"start":{"line":44,"column":0},"end":{"line":44,"column":121}},"30":{"start":{"line":45,"column":0},"end":{"line":45,"column":60}},"31":{"start":{"line":46,"column":0},"end":{"line":46,"column":68}},"32":{"start":{"line":47,"column":0},"end":{"line":47,"column":101}},"33":{"start":{"line":48,"column":0},"end":{"line":48,"column":92}},"34":{"start":{"line":49,"column":0},"end":{"line":49,"column":93}},"35":{"start":{"line":50,"column":0},"end":{"line":50,"column":118}},"36":{"start":{"line":51,"column":0},"end":{"line":51,"column":77}},"37":{"start":{"line":52,"column":0},"end":{"line":52,"column":89}},"38":{"start":{"line":53,"column":0},"end":{"line":53,"column":90}},"39":{"start":{"line":54,"column":0},"end":{"line":54,"column":91}},"40":{"start":{"line":55,"column":0},"end":{"line":55,"column":131}},"41":{"start":{"line":56,"column":0},"end":{"line":56,"column":87}},"42":{"start":{"line":57,"column":0},"end":{"line":57,"column":100}},"43":{"start":{"line":58,"column":15},"end":{"line":58,"column":21}},"44":{"start":{"line":59,"column":0},"end":{"line":59,"column":30}}},"fnMap":{"0":{"name":"_interopRequireDefault","decl":{"start":{"line":22,"column":9},"end":{"line":22,"column":31}},"loc":{"start":{"line":22,"column":37},"end":{"line":22,"column":97}},"line":22}},"branchMap":{"0":{"loc":{"start":{"line":22,"column":46},"end":{"line":22,"column":94}},"type":"cond-expr","locations":[{"start":{"line":22,"column":70},"end":{"line":22,"column":73}},{"start":{"line":22,"column":76},"end":{"line":22,"column":94}}],"line":22},"1":{"loc":{"start":{"line":22,"column":46},"end":{"line":22,"column":67}},"type":"binary-expr","locations":[{"start":{"line":22,"column":46},"end":{"line":22,"column":49}},{"start":{"line":22,"column":53},"end":{"line":22,"column":67}}],"line":22}},"s":{"0":1,"1":1,"2":1,"3":1,"4":1,"5":1,"6":1,"7":1,"8":1,"9":5,"10":1,"11":1,"12":1,"13":1,"14":1,"15":1,"16":1,"17":1,"18":1,"19":1,"20":1,"21":1,"22":1,"23":1,"24":1,"25":1,"26":1,"27":1,"28":1,"29":1,"30":1,"31":1,"32":1,"33":1,"34":1,"35":1,"36":1,"37":1,"38":1,"39":1,"40":1,"41":1,"42":1,"43":1,"44":1},"f":{"0":5},"b":{"0":[4,1],"1":[5,5]},"_coverageSchema":"43e27e138ebf9cfc5966b082cf9a028302ed4184","hash":"2a93ba0f395a74233504f61b6f501d13e3d172a8","contentHash":"678ea0b9bc6c9412210496c6c1a6904aed1a479ba2401850aff6a7571f39c2a3"},"C:\\Users\\UCHE\\Desktop\\projects\\wayFarer API\\controllers\\userControllers.js":{"path":"C:\\Users\\UCHE\\Desktop\\projects\\wayFarer API\\controllers\\userControllers.js","statementMap":{"0":{"start":{"line":3,"column":0},"end":{"line":5,"column":3}},"1":{"start":{"line":6,"column":0},"end":{"line":6,"column":33}},"2":{"start":{"line":8,"column":17},"end":{"line":8,"column":71}},"3":{"start":{"line":10,"column":15},"end":{"line":10,"column":46}},"4":{"start":{"line":12,"column":10},"end":{"line":12,"column":53}},"5":{"start":{"line":14,"column":39},"end":{"line":14,"column":95}},"6":{"start":{"line":16,"column":54},"end":{"line":16,"column":73}},"7":{"start":{"line":16,"column":75},"end":{"line":16,"column":326}},"8":{"start":{"line":16,"column":125},"end":{"line":16,"column":161}},"9":{"start":{"line":16,"column":163},"end":{"line":16,"column":292}},"10":{"start":{"line":16,"column":183},"end":{"line":16,"column":292}},"11":{"start":{"line":16,"column":225},"end":{"line":16,"column":288}},"12":{"start":{"line":16,"column":293},"end":{"line":16,"column":324}},"13":{"start":{"line":16,"column":327},"end":{"line":16,"column":339}},"14":{"start":{"line":18,"column":33},"end":{"line":18,"column":501}},"15":{"start":{"line":18,"column":46},"end":{"line":18,"column":47}},"16":{"start":{"line":18,"column":91},"end":{"line":18,"column":131}},"17":{"start":{"line":18,"column":133},"end":{"line":18,"column":499}},"18":{"start":{"line":18,"column":146},"end":{"line":18,"column":239}},"19":{"start":{"line":18,"column":193},"end":{"line":18,"column":235}},"20":{"start":{"line":18,"column":247},"end":{"line":18,"column":499}},"21":{"start":{"line":18,"column":287},"end":{"line":18,"column":361}},"22":{"start":{"line":18,"column":371},"end":{"line":18,"column":497}},"23":{"start":{"line":18,"column":412},"end":{"line":18,"column":493}},"24":{"start":{"line":18,"column":502},"end":{"line":18,"column":516}},"25":{"start":{"line":20,"column":44},"end":{"line":20,"column":195}},"26":{"start":{"line":20,"column":62},"end":{"line":20,"column":166}},"27":{"start":{"line":20,"column":176},"end":{"line":20,"column":193}},"28":{"start":{"line":20,"column":196},"end":{"line":20,"column":207}},"29":{"start":{"line":22,"column":77},"end":{"line":22,"column":175}},"30":{"start":{"line":22,"column":94},"end":{"line":22,"column":107}},"31":{"start":{"line":22,"column":121},"end":{"line":22,"column":131}},"32":{"start":{"line":22,"column":151},"end":{"line":22,"column":165}},"33":{"start":{"line":22,"column":166},"end":{"line":22,"column":173}},"34":{"start":{"line":22,"column":176},"end":{"line":22,"column":263}},"35":{"start":{"line":22,"column":193},"end":{"line":22,"column":208}},"36":{"start":{"line":22,"column":218},"end":{"line":22,"column":261}},"37":{"start":{"line":24,"column":33},"end":{"line":24,"column":387}},"38":{"start":{"line":24,"column":65},"end":{"line":24,"column":69}},"39":{"start":{"line":24,"column":78},"end":{"line":24,"column":87}},"40":{"start":{"line":24,"column":89},"end":{"line":24,"column":384}},"41":{"start":{"line":24,"column":147},"end":{"line":24,"column":167}},"42":{"start":{"line":24,"column":193},"end":{"line":24,"column":264}},"43":{"start":{"line":24,"column":290},"end":{"line":24,"column":360}},"44":{"start":{"line":24,"column":363},"end":{"line":24,"column":380}},"45":{"start":{"line":26,"column":50},"end":{"line":26,"column":151}},"46":{"start":{"line":26,"column":92},"end":{"line":26,"column":149}},"47":{"start":{"line":28,"column":44},"end":{"line":28,"column":315}},"48":{"start":{"line":28,"column":57},"end":{"line":28,"column":58}},"49":{"start":{"line":28,"column":102},"end":{"line":28,"column":110}},"50":{"start":{"line":28,"column":112},"end":{"line":28,"column":167}},"51":{"start":{"line":28,"column":168},"end":{"line":28,"column":199}},"52":{"start":{"line":28,"column":200},"end":{"line":28,"column":254}},"53":{"start":{"line":28,"column":227},"end":{"line":28,"column":254}},"54":{"start":{"line":28,"column":255},"end":{"line":28,"column":313}},"55":{"start":{"line":30,"column":62},"end":{"line":30,"column":131}},"56":{"start":{"line":30,"column":78},"end":{"line":30,"column":131}},"57":{"start":{"line":30,"column":132},"end":{"line":30,"column":193}},"58":{"start":{"line":30,"column":149},"end":{"line":30,"column":193}},"59":{"start":{"line":30,"column":194},"end":{"line":30,"column":213}},"60":{"start":{"line":32,"column":17},"end":{"line":32,"column":49}},"61":{"start":{"line":42,"column":0},"end":{"line":240,"column":3}},"62":{"start":{"line":44,"column":4},"end":{"line":44,"column":43}},"63":{"start":{"line":47,"column":2},"end":{"line":237,"column":6}},"64":{"start":{"line":60,"column":20},"end":{"line":129,"column":9}},"65":{"start":{"line":64,"column":8},"end":{"line":128,"column":37}},"66":{"start":{"line":65,"column":10},"end":{"line":127,"column":11}},"67":{"start":{"line":66,"column":12},"end":{"line":126,"column":13}},"68":{"start":{"line":68,"column":16},"end":{"line":68,"column":32}},"69":{"start":{"line":69,"column":16},"end":{"line":69,"column":41}},"70":{"start":{"line":70,"column":16},"end":{"line":70,"column":72}},"71":{"start":{"line":71,"column":16},"end":{"line":77,"column":18}},"72":{"start":{"line":78,"column":16},"end":{"line":78,"column":34}},"73":{"start":{"line":79,"column":16},"end":{"line":79,"column":34}},"74":{"start":{"line":80,"column":16},"end":{"line":80,"column":41}},"75":{"start":{"line":83,"column":16},"end":{"line":83,"column":37}},"76":{"start":{"line":85,"column":16},"end":{"line":88,"column":17}},"77":{"start":{"line":86,"column":18},"end":{"line":86,"column":37}},"78":{"start":{"line":87,"column":18},"end":{"line":87,"column":24}},"79":{"start":{"line":90,"column":16},"end":{"line":90,"column":58}},"80":{"start":{"line":91,"column":16},"end":{"line":93,"column":19}},"81":{"start":{"line":94,"column":16},"end":{"line":97,"column":20}},"82":{"start":{"line":100,"column":16},"end":{"line":100,"column":35}},"83":{"start":{"line":101,"column":16},"end":{"line":101,"column":22}},"84":{"start":{"line":104,"column":16},"end":{"line":104,"column":35}},"85":{"start":{"line":105,"column":16},"end":{"line":105,"column":51}},"86":{"start":{"line":107,"column":16},"end":{"line":110,"column":17}},"87":{"start":{"line":108,"column":18},"end":{"line":108,"column":37}},"88":{"start":{"line":109,"column":18},"end":{"line":109,"column":24}},"89":{"start":{"line":112,"column":16},"end":{"line":115,"column":20}},"90":{"start":{"line":118,"column":16},"end":{"line":121,"column":20}},"91":{"start":{"line":125,"column":16},"end":{"line":125,"column":39}},"92":{"start":{"line":132,"column":8},"end":{"line":132,"column":46}},"93":{"start":{"line":135,"column":6},"end":{"line":135,"column":20}},"94":{"start":{"line":151,"column":19},"end":{"line":229,"column":9}},"95":{"start":{"line":156,"column":8},"end":{"line":228,"column":38}},"96":{"start":{"line":157,"column":10},"end":{"line":227,"column":11}},"97":{"start":{"line":158,"column":12},"end":{"line":226,"column":13}},"98":{"start":{"line":160,"column":16},"end":{"line":160,"column":35}},"99":{"start":{"line":161,"column":16},"end":{"line":161,"column":32}},"100":{"start":{"line":162,"column":16},"end":{"line":162,"column":63}},"101":{"start":{"line":163,"column":16},"end":{"line":163,"column":35}},"102":{"start":{"line":164,"column":16},"end":{"line":164,"column":69}},"103":{"start":{"line":167,"column":16},"end":{"line":167,"column":38}},"104":{"start":{"line":168,"column":16},"end":{"line":168,"column":33}},"105":{"start":{"line":170,"column":16},"end":{"line":173,"column":17}},"106":{"start":{"line":171,"column":18},"end":{"line":171,"column":37}},"107":{"start":{"line":172,"column":18},"end":{"line":172,"column":24}},"108":{"start":{"line":175,"column":16},"end":{"line":178,"column":20}},"109":{"start":{"line":181,"column":16},"end":{"line":181,"column":36}},"110":{"start":{"line":182,"column":16},"end":{"line":182,"column":86}},"111":{"start":{"line":185,"column":16},"end":{"line":185,"column":47}},"112":{"start":{"line":187,"column":16},"end":{"line":190,"column":17}},"113":{"start":{"line":188,"column":18},"end":{"line":188,"column":38}},"114":{"start":{"line":189,"column":18},"end":{"line":189,"column":24}},"115":{"start":{"line":192,"column":16},"end":{"line":195,"column":20}},"116":{"start":{"line":198,"column":16},"end":{"line":202,"column":18}},"117":{"start":{"line":203,"column":16},"end":{"line":203,"column":36}},"118":{"start":{"line":204,"column":16},"end":{"line":204,"column":61}},"119":{"start":{"line":207,"column":16},"end":{"line":207,"column":39}},"120":{"start":{"line":208,"column":16},"end":{"line":213,"column":20}},"121":{"start":{"line":216,"column":16},"end":{"line":216,"column":36}},"122":{"start":{"line":217,"column":16},"end":{"line":217,"column":53}},"123":{"start":{"line":218,"column":16},"end":{"line":221,"column":20}},"124":{"start":{"line":225,"column":16},"end":{"line":225,"column":40}},"125":{"start":{"line":232,"column":8},"end":{"line":232,"column":45}},"126":{"start":{"line":235,"column":6},"end":{"line":235,"column":19}},"127":{"start":{"line":239,"column":2},"end":{"line":239,"column":25}},"128":{"start":{"line":242,"column":0},"end":{"line":242,"column":42}}},"fnMap":{"0":{"name":"_interopRequireDefault","decl":{"start":{"line":14,"column":9},"end":{"line":14,"column":31}},"loc":{"start":{"line":14,"column":37},"end":{"line":14,"column":97}},"line":14},"1":{"name":"ownKeys","decl":{"start":{"line":16,"column":9},"end":{"line":16,"column":16}},"loc":{"start":{"line":16,"column":41},"end":{"line":16,"column":341}},"line":16},"2":{"name":"(anonymous_2)","decl":{"start":{"line":16,"column":208},"end":{"line":16,"column":209}},"loc":{"start":{"line":16,"column":223},"end":{"line":16,"column":290}},"line":16},"3":{"name":"_objectSpread","decl":{"start":{"line":18,"column":9},"end":{"line":18,"column":22}},"loc":{"start":{"line":18,"column":31},"end":{"line":18,"column":518}},"line":18},"4":{"name":"(anonymous_4)","decl":{"start":{"line":18,"column":176},"end":{"line":18,"column":177}},"loc":{"start":{"line":18,"column":191},"end":{"line":18,"column":237}},"line":18},"5":{"name":"(anonymous_5)","decl":{"start":{"line":18,"column":395},"end":{"line":18,"column":396}},"loc":{"start":{"line":18,"column":410},"end":{"line":18,"column":495}},"line":18},"6":{"name":"_defineProperty","decl":{"start":{"line":20,"column":9},"end":{"line":20,"column":24}},"loc":{"start":{"line":20,"column":42},"end":{"line":20,"column":209}},"line":20},"7":{"name":"asyncGeneratorStep","decl":{"start":{"line":22,"column":9},"end":{"line":22,"column":27}},"loc":{"start":{"line":22,"column":75},"end":{"line":22,"column":265}},"line":22},"8":{"name":"_asyncToGenerator","decl":{"start":{"line":24,"column":9},"end":{"line":24,"column":26}},"loc":{"start":{"line":24,"column":31},"end":{"line":24,"column":389}},"line":24},"9":{"name":"(anonymous_9)","decl":{"start":{"line":24,"column":40},"end":{"line":24,"column":41}},"loc":{"start":{"line":24,"column":52},"end":{"line":24,"column":386}},"line":24},"10":{"name":"(anonymous_10)","decl":{"start":{"line":24,"column":108},"end":{"line":24,"column":109}},"loc":{"start":{"line":24,"column":135},"end":{"line":24,"column":382}},"line":24},"11":{"name":"_next","decl":{"start":{"line":24,"column":178},"end":{"line":24,"column":183}},"loc":{"start":{"line":24,"column":191},"end":{"line":24,"column":266}},"line":24},"12":{"name":"_throw","decl":{"start":{"line":24,"column":276},"end":{"line":24,"column":282}},"loc":{"start":{"line":24,"column":288},"end":{"line":24,"column":362}},"line":24},"13":{"name":"_classCallCheck","decl":{"start":{"line":26,"column":9},"end":{"line":26,"column":24}},"loc":{"start":{"line":26,"column":48},"end":{"line":26,"column":153}},"line":26},"14":{"name":"_defineProperties","decl":{"start":{"line":28,"column":9},"end":{"line":28,"column":26}},"loc":{"start":{"line":28,"column":42},"end":{"line":28,"column":317}},"line":28},"15":{"name":"_createClass","decl":{"start":{"line":30,"column":9},"end":{"line":30,"column":21}},"loc":{"start":{"line":30,"column":60},"end":{"line":30,"column":215}},"line":30},"16":{"name":"(anonymous_16)","decl":{"start":{"line":42,"column":0},"end":{"line":42,"column":1}},"loc":{"start":{"line":42,"column":12},"end":{"line":240,"column":1}},"line":42},"17":{"name":"UsersController","decl":{"start":{"line":43,"column":11},"end":{"line":43,"column":26}},"loc":{"start":{"line":43,"column":29},"end":{"line":45,"column":3}},"line":43},"18":{"name":"(anonymous_18)","decl":{"start":{"line":59,"column":11},"end":{"line":59,"column":12}},"loc":{"start":{"line":59,"column":23},"end":{"line":136,"column":5}},"line":59},"19":{"name":"_callee","decl":{"start":{"line":62,"column":39},"end":{"line":62,"column":46}},"loc":{"start":{"line":62,"column":57},"end":{"line":129,"column":7}},"line":62},"20":{"name":"_callee$","decl":{"start":{"line":64,"column":48},"end":{"line":64,"column":56}},"loc":{"start":{"line":64,"column":67},"end":{"line":128,"column":9}},"line":64},"21":{"name":"signUp","decl":{"start":{"line":131,"column":15},"end":{"line":131,"column":21}},"loc":{"start":{"line":131,"column":31},"end":{"line":133,"column":7}},"line":131},"22":{"name":"(anonymous_22)","decl":{"start":{"line":150,"column":11},"end":{"line":150,"column":12}},"loc":{"start":{"line":150,"column":23},"end":{"line":236,"column":5}},"line":150},"23":{"name":"_callee2","decl":{"start":{"line":153,"column":39},"end":{"line":153,"column":47}},"loc":{"start":{"line":153,"column":58},"end":{"line":229,"column":7}},"line":153},"24":{"name":"_callee2$","decl":{"start":{"line":156,"column":48},"end":{"line":156,"column":57}},"loc":{"start":{"line":156,"column":69},"end":{"line":228,"column":9}},"line":156},"25":{"name":"login","decl":{"start":{"line":231,"column":15},"end":{"line":231,"column":20}},"loc":{"start":{"line":231,"column":31},"end":{"line":233,"column":7}},"line":231}},"branchMap":{"0":{"loc":{"start":{"line":14,"column":46},"end":{"line":14,"column":94}},"type":"cond-expr","locations":[{"start":{"line":14,"column":70},"end":{"line":14,"column":73}},{"start":{"line":14,"column":76},"end":{"line":14,"column":94}}],"line":14},"1":{"loc":{"start":{"line":14,"column":46},"end":{"line":14,"column":67}},"type":"binary-expr","locations":[{"start":{"line":14,"column":46},"end":{"line":14,"column":49}},{"start":{"line":14,"column":53},"end":{"line":14,"column":67}}],"line":14},"2":{"loc":{"start":{"line":16,"column":75},"end":{"line":16,"column":326}},"type":"if","locations":[{"start":{"line":16,"column":75},"end":{"line":16,"column":326}},{"start":{"line":16,"column":75},"end":{"line":16,"column":326}}],"line":16},"3":{"loc":{"start":{"line":16,"column":163},"end":{"line":16,"column":292}},"type":"if","locations":[{"start":{"line":16,"column":163},"end":{"line":16,"column":292}},{"start":{"line":16,"column":163},"end":{"line":16,"column":292}}],"line":16},"4":{"loc":{"start":{"line":18,"column":91},"end":{"line":18,"column":131}},"type":"cond-expr","locations":[{"start":{"line":18,"column":114},"end":{"line":18,"column":126}},{"start":{"line":18,"column":129},"end":{"line":18,"column":131}}],"line":18},"5":{"loc":{"start":{"line":18,"column":133},"end":{"line":18,"column":499}},"type":"if","locations":[{"start":{"line":18,"column":133},"end":{"line":18,"column":499}},{"start":{"line":18,"column":133},"end":{"line":18,"column":499}}],"line":18},"6":{"loc":{"start":{"line":18,"column":247},"end":{"line":18,"column":499}},"type":"if","locations":[{"start":{"line":18,"column":247},"end":{"line":18,"column":499}},{"start":{"line":18,"column":247},"end":{"line":18,"column":499}}],"line":18},"7":{"loc":{"start":{"line":20,"column":44},"end":{"line":20,"column":195}},"type":"if","locations":[{"start":{"line":20,"column":44},"end":{"line":20,"column":195}},{"start":{"line":20,"column":44},"end":{"line":20,"column":195}}],"line":20},"8":{"loc":{"start":{"line":22,"column":176},"end":{"line":22,"column":263}},"type":"if","locations":[{"start":{"line":22,"column":176},"end":{"line":22,"column":263}},{"start":{"line":22,"column":176},"end":{"line":22,"column":263}}],"line":22},"9":{"loc":{"start":{"line":26,"column":50},"end":{"line":26,"column":151}},"type":"if","locations":[{"start":{"line":26,"column":50},"end":{"line":26,"column":151}},{"start":{"line":26,"column":50},"end":{"line":26,"column":151}}],"line":26},"10":{"loc":{"start":{"line":28,"column":136},"end":{"line":28,"column":166}},"type":"binary-expr","locations":[{"start":{"line":28,"column":136},"end":{"line":28,"column":157}},{"start":{"line":28,"column":161},"end":{"line":28,"column":166}}],"line":28},"11":{"loc":{"start":{"line":28,"column":200},"end":{"line":28,"column":254}},"type":"if","locations":[{"start":{"line":28,"column":200},"end":{"line":28,"column":254}},{"start":{"line":28,"column":200},"end":{"line":28,"column":254}}],"line":28},"12":{"loc":{"start":{"line":30,"column":62},"end":{"line":30,"column":131}},"type":"if","locations":[{"start":{"line":30,"column":62},"end":{"line":30,"column":131}},{"start":{"line":30,"column":62},"end":{"line":30,"column":131}}],"line":30},"13":{"loc":{"start":{"line":30,"column":132},"end":{"line":30,"column":193}},"type":"if","locations":[{"start":{"line":30,"column":132},"end":{"line":30,"column":193}},{"start":{"line":30,"column":132},"end":{"line":30,"column":193}}],"line":30},"14":{"loc":{"start":{"line":66,"column":12},"end":{"line":126,"column":13}},"type":"switch","locations":[{"start":{"line":67,"column":14},"end":{"line":80,"column":41}},{"start":{"line":82,"column":14},"end":{"line":97,"column":20}},{"start":{"line":99,"column":14},"end":{"line":101,"column":22}},{"start":{"line":103,"column":14},"end":{"line":115,"column":20}},{"start":{"line":117,"column":14},"end":{"line":121,"column":20}},{"start":{"line":123,"column":14},"end":{"line":123,"column":22}},{"start":{"line":124,"column":14},"end":{"line":125,"column":39}}],"line":66},"15":{"loc":{"start":{"line":85,"column":16},"end":{"line":88,"column":17}},"type":"if","locations":[{"start":{"line":85,"column":16},"end":{"line":88,"column":17}},{"start":{"line":85,"column":16},"end":{"line":88,"column":17}}],"line":85},"16":{"loc":{"start":{"line":107,"column":16},"end":{"line":110,"column":17}},"type":"if","locations":[{"start":{"line":107,"column":16},"end":{"line":110,"column":17}},{"start":{"line":107,"column":16},"end":{"line":110,"column":17}}],"line":107},"17":{"loc":{"start":{"line":158,"column":12},"end":{"line":226,"column":13}},"type":"switch","locations":[{"start":{"line":159,"column":14},"end":{"line":164,"column":69}},{"start":{"line":166,"column":14},"end":{"line":178,"column":20}},{"start":{"line":180,"column":14},"end":{"line":182,"column":86}},{"start":{"line":184,"column":14},"end":{"line":195,"column":20}},{"start":{"line":197,"column":14},"end":{"line":204,"column":61}},{"start":{"line":206,"column":14},"end":{"line":213,"column":20}},{"start":{"line":215,"column":14},"end":{"line":221,"column":20}},{"start":{"line":223,"column":14},"end":{"line":223,"column":22}},{"start":{"line":224,"column":14},"end":{"line":225,"column":40}}],"line":158},"18":{"loc":{"start":{"line":170,"column":16},"end":{"line":173,"column":17}},"type":"if","locations":[{"start":{"line":170,"column":16},"end":{"line":173,"column":17}},{"start":{"line":170,"column":16},"end":{"line":173,"column":17}}],"line":170},"19":{"loc":{"start":{"line":187,"column":16},"end":{"line":190,"column":17}},"type":"if","locations":[{"start":{"line":187,"column":16},"end":{"line":190,"column":17}},{"start":{"line":187,"column":16},"end":{"line":190,"column":17}}],"line":187}},"s":{"0":1,"1":1,"2":1,"3":1,"4":1,"5":2,"6":4,"7":4,"8":4,"9":4,"10":4,"11":0,"12":4,"13":4,"14":4,"15":4,"16":8,"17":8,"18":4,"19":32,"20":4,"21":4,"22":0,"23":0,"24":4,"25":32,"26":0,"27":32,"28":32,"29":8,"30":8,"31":8,"32":0,"33":0,"34":8,"35":4,"36":4,"37":2,"38":4,"39":4,"40":4,"41":4,"42":8,"43":0,"44":4,"45":0,"46":0,"47":1,"48":1,"49":2,"50":2,"51":2,"52":2,"53":2,"54":2,"55":1,"56":0,"57":1,"58":1,"59":1,"60":1,"61":1,"62":0,"63":1,"64":1,"65":4,"66":12,"67":12,"68":4,"69":4,"70":4,"71":4,"72":4,"73":4,"74":4,"75":4,"76":4,"77":0,"78":0,"79":4,"80":4,"81":4,"82":0,"83":0,"84":0,"85":0,"86":0,"87":0,"88":0,"89":0,"90":0,"91":4,"92":4,"93":1,"94":1,"95":0,"96":0,"97":0,"98":0,"99":0,"100":0,"101":0,"102":0,"103":0,"104":0,"105":0,"106":0,"107":0,"108":0,"109":0,"110":0,"111":0,"112":0,"113":0,"114":0,"115":0,"116":0,"117":0,"118":0,"119":0,"120":0,"121":0,"122":0,"123":0,"124":0,"125":0,"126":1,"127":1,"128":1},"f":{"0":2,"1":4,"2":0,"3":4,"4":32,"5":0,"6":32,"7":8,"8":2,"9":4,"10":4,"11":8,"12":0,"13":0,"14":1,"15":1,"16":1,"17":0,"18":1,"19":4,"20":12,"21":4,"22":1,"23":0,"24":0,"25":0},"b":{"0":[2,0],"1":[2,2],"2":[4,0],"3":[4,0],"4":[8,0],"5":[4,4],"6":[4,0],"7":[0,32],"8":[4,4],"9":[0,0],"10":[2,2],"11":[2,0],"12":[0,1],"13":[1,0],"14":[4,4,0,0,0,0,4],"15":[0,4],"16":[0,0],"17":[0,0,0,0,0,0,0,0,0],"18":[0,0],"19":[0,0]},"_coverageSchema":"43e27e138ebf9cfc5966b082cf9a028302ed4184","hash":"435af160964478e9899caf04bec430b0e7eaa1d2","contentHash":"981fc30d90c00a8eaddd51090a26e7444e2b4fc960edee56d8958b527b605e86"},"C:\\Users\\UCHE\\Desktop\\projects\\wayFarer API\\models\\userModel.js":{"path":"C:\\Users\\UCHE\\Desktop\\projects\\wayFarer API\\models\\userModel.js","statementMap":{"0":{"start":{"line":3,"column":0},"end":{"line":5,"column":3}},"1":{"start":{"line":6,"column":0},"end":{"line":6,"column":28}},"2":{"start":{"line":8,"column":10},"end":{"line":8,"column":53}},"3":{"start":{"line":10,"column":39},"end":{"line":10,"column":95}},"4":{"start":{"line":12,"column":77},"end":{"line":12,"column":175}},"5":{"start":{"line":12,"column":94},"end":{"line":12,"column":107}},"6":{"start":{"line":12,"column":121},"end":{"line":12,"column":131}},"7":{"start":{"line":12,"column":151},"end":{"line":12,"column":165}},"8":{"start":{"line":12,"column":166},"end":{"line":12,"column":173}},"9":{"start":{"line":12,"column":176},"end":{"line":12,"column":263}},"10":{"start":{"line":12,"column":193},"end":{"line":12,"column":208}},"11":{"start":{"line":12,"column":218},"end":{"line":12,"column":261}},"12":{"start":{"line":14,"column":33},"end":{"line":14,"column":387}},"13":{"start":{"line":14,"column":65},"end":{"line":14,"column":69}},"14":{"start":{"line":14,"column":78},"end":{"line":14,"column":87}},"15":{"start":{"line":14,"column":89},"end":{"line":14,"column":384}},"16":{"start":{"line":14,"column":147},"end":{"line":14,"column":167}},"17":{"start":{"line":14,"column":193},"end":{"line":14,"column":264}},"18":{"start":{"line":14,"column":290},"end":{"line":14,"column":360}},"19":{"start":{"line":14,"column":363},"end":{"line":14,"column":380}},"20":{"start":{"line":16,"column":50},"end":{"line":16,"column":151}},"21":{"start":{"line":16,"column":92},"end":{"line":16,"column":149}},"22":{"start":{"line":18,"column":44},"end":{"line":18,"column":315}},"23":{"start":{"line":18,"column":57},"end":{"line":18,"column":58}},"24":{"start":{"line":18,"column":102},"end":{"line":18,"column":110}},"25":{"start":{"line":18,"column":112},"end":{"line":18,"column":167}},"26":{"start":{"line":18,"column":168},"end":{"line":18,"column":199}},"27":{"start":{"line":18,"column":200},"end":{"line":18,"column":254}},"28":{"start":{"line":18,"column":227},"end":{"line":18,"column":254}},"29":{"start":{"line":18,"column":255},"end":{"line":18,"column":313}},"30":{"start":{"line":20,"column":62},"end":{"line":20,"column":131}},"31":{"start":{"line":20,"column":78},"end":{"line":20,"column":131}},"32":{"start":{"line":20,"column":132},"end":{"line":20,"column":193}},"33":{"start":{"line":20,"column":149},"end":{"line":20,"column":193}},"34":{"start":{"line":20,"column":194},"end":{"line":20,"column":213}},"35":{"start":{"line":30,"column":0},"end":{"line":135,"column":3}},"36":{"start":{"line":32,"column":4},"end":{"line":32,"column":37}},"37":{"start":{"line":35,"column":2},"end":{"line":132,"column":6}},"38":{"start":{"line":47,"column":24},"end":{"line":71,"column":9}},"39":{"start":{"line":52,"column":8},"end":{"line":70,"column":20}},"40":{"start":{"line":53,"column":10},"end":{"line":69,"column":11}},"41":{"start":{"line":54,"column":12},"end":{"line":68,"column":13}},"42":{"start":{"line":56,"column":16},"end":{"line":56,"column":145}},"43":{"start":{"line":57,"column":16},"end":{"line":57,"column":34}},"44":{"start":{"line":58,"column":16},"end":{"line":58,"column":235}},"45":{"start":{"line":61,"column":16},"end":{"line":61,"column":37}},"46":{"start":{"line":62,"column":16},"end":{"line":62,"column":33}},"47":{"start":{"line":63,"column":16},"end":{"line":63,"column":58}},"48":{"start":{"line":67,"column":16},"end":{"line":67,"column":39}},"49":{"start":{"line":74,"column":8},"end":{"line":74,"column":50}},"50":{"start":{"line":77,"column":6},"end":{"line":77,"column":24}},"51":{"start":{"line":91,"column":27},"end":{"line":124,"column":9}},"52":{"start":{"line":96,"column":8},"end":{"line":123,"column":21}},"53":{"start":{"line":97,"column":10},"end":{"line":122,"column":11}},"54":{"start":{"line":98,"column":12},"end":{"line":121,"column":13}},"55":{"start":{"line":100,"column":16},"end":{"line":100,"column":29}},"56":{"start":{"line":101,"column":16},"end":{"line":101,"column":35}},"57":{"start":{"line":102,"column":16},"end":{"line":102,"column":120}},"58":{"start":{"line":105,"column":16},"end":{"line":105,"column":39}},"59":{"start":{"line":106,"column":16},"end":{"line":106,"column":34}},"60":{"start":{"line":108,"column":16},"end":{"line":111,"column":17}},"61":{"start":{"line":109,"column":18},"end":{"line":109,"column":37}},"62":{"start":{"line":110,"column":18},"end":{"line":110,"column":24}},"63":{"start":{"line":113,"column":16},"end":{"line":113,"column":57}},"64":{"start":{"line":116,"column":16},"end":{"line":116,"column":59}},"65":{"start":{"line":120,"column":16},"end":{"line":120,"column":40}},"66":{"start":{"line":127,"column":8},"end":{"line":127,"column":53}},"67":{"start":{"line":130,"column":6},"end":{"line":130,"column":27}},"68":{"start":{"line":134,"column":2},"end":{"line":134,"column":19}},"69":{"start":{"line":137,"column":0},"end":{"line":137,"column":31}}},"fnMap":{"0":{"name":"_interopRequireDefault","decl":{"start":{"line":10,"column":9},"end":{"line":10,"column":31}},"loc":{"start":{"line":10,"column":37},"end":{"line":10,"column":97}},"line":10},"1":{"name":"asyncGeneratorStep","decl":{"start":{"line":12,"column":9},"end":{"line":12,"column":27}},"loc":{"start":{"line":12,"column":75},"end":{"line":12,"column":265}},"line":12},"2":{"name":"_asyncToGenerator","decl":{"start":{"line":14,"column":9},"end":{"line":14,"column":26}},"loc":{"start":{"line":14,"column":31},"end":{"line":14,"column":389}},"line":14},"3":{"name":"(anonymous_3)","decl":{"start":{"line":14,"column":40},"end":{"line":14,"column":41}},"loc":{"start":{"line":14,"column":52},"end":{"line":14,"column":386}},"line":14},"4":{"name":"(anonymous_4)","decl":{"start":{"line":14,"column":108},"end":{"line":14,"column":109}},"loc":{"start":{"line":14,"column":135},"end":{"line":14,"column":382}},"line":14},"5":{"name":"_next","decl":{"start":{"line":14,"column":178},"end":{"line":14,"column":183}},"loc":{"start":{"line":14,"column":191},"end":{"line":14,"column":266}},"line":14},"6":{"name":"_throw","decl":{"start":{"line":14,"column":276},"end":{"line":14,"column":282}},"loc":{"start":{"line":14,"column":288},"end":{"line":14,"column":362}},"line":14},"7":{"name":"_classCallCheck","decl":{"start":{"line":16,"column":9},"end":{"line":16,"column":24}},"loc":{"start":{"line":16,"column":48},"end":{"line":16,"column":153}},"line":16},"8":{"name":"_defineProperties","decl":{"start":{"line":18,"column":9},"end":{"line":18,"column":26}},"loc":{"start":{"line":18,"column":42},"end":{"line":18,"column":317}},"line":18},"9":{"name":"_createClass","decl":{"start":{"line":20,"column":9},"end":{"line":20,"column":21}},"loc":{"start":{"line":20,"column":60},"end":{"line":20,"column":215}},"line":20},"10":{"name":"(anonymous_10)","decl":{"start":{"line":30,"column":0},"end":{"line":30,"column":1}},"loc":{"start":{"line":30,"column":12},"end":{"line":135,"column":1}},"line":30},"11":{"name":"UserModel","decl":{"start":{"line":31,"column":11},"end":{"line":31,"column":20}},"loc":{"start":{"line":31,"column":23},"end":{"line":33,"column":3}},"line":31},"12":{"name":"(anonymous_12)","decl":{"start":{"line":46,"column":11},"end":{"line":46,"column":12}},"loc":{"start":{"line":46,"column":23},"end":{"line":78,"column":5}},"line":46},"13":{"name":"_callee","decl":{"start":{"line":49,"column":39},"end":{"line":49,"column":46}},"loc":{"start":{"line":49,"column":53},"end":{"line":71,"column":7}},"line":49},"14":{"name":"_callee$","decl":{"start":{"line":52,"column":48},"end":{"line":52,"column":56}},"loc":{"start":{"line":52,"column":67},"end":{"line":70,"column":9}},"line":52},"15":{"name":"createUser","decl":{"start":{"line":73,"column":15},"end":{"line":73,"column":25}},"loc":{"start":{"line":73,"column":30},"end":{"line":75,"column":7}},"line":73},"16":{"name":"(anonymous_16)","decl":{"start":{"line":90,"column":11},"end":{"line":90,"column":12}},"loc":{"start":{"line":90,"column":23},"end":{"line":131,"column":5}},"line":90},"17":{"name":"_callee2","decl":{"start":{"line":93,"column":39},"end":{"line":93,"column":47}},"loc":{"start":{"line":93,"column":54},"end":{"line":124,"column":7}},"line":93},"18":{"name":"_callee2$","decl":{"start":{"line":96,"column":48},"end":{"line":96,"column":57}},"loc":{"start":{"line":96,"column":69},"end":{"line":123,"column":9}},"line":96},"19":{"name":"findUserInput","decl":{"start":{"line":126,"column":15},"end":{"line":126,"column":28}},"loc":{"start":{"line":126,"column":34},"end":{"line":128,"column":7}},"line":126}},"branchMap":{"0":{"loc":{"start":{"line":10,"column":46},"end":{"line":10,"column":94}},"type":"cond-expr","locations":[{"start":{"line":10,"column":70},"end":{"line":10,"column":73}},{"start":{"line":10,"column":76},"end":{"line":10,"column":94}}],"line":10},"1":{"loc":{"start":{"line":10,"column":46},"end":{"line":10,"column":67}},"type":"binary-expr","locations":[{"start":{"line":10,"column":46},"end":{"line":10,"column":49}},{"start":{"line":10,"column":53},"end":{"line":10,"column":67}}],"line":10},"2":{"loc":{"start":{"line":12,"column":176},"end":{"line":12,"column":263}},"type":"if","locations":[{"start":{"line":12,"column":176},"end":{"line":12,"column":263}},{"start":{"line":12,"column":176},"end":{"line":12,"column":263}}],"line":12},"3":{"loc":{"start":{"line":16,"column":50},"end":{"line":16,"column":151}},"type":"if","locations":[{"start":{"line":16,"column":50},"end":{"line":16,"column":151}},{"start":{"line":16,"column":50},"end":{"line":16,"column":151}}],"line":16},"4":{"loc":{"start":{"line":18,"column":136},"end":{"line":18,"column":166}},"type":"binary-expr","locations":[{"start":{"line":18,"column":136},"end":{"line":18,"column":157}},{"start":{"line":18,"column":161},"end":{"line":18,"column":166}}],"line":18},"5":{"loc":{"start":{"line":18,"column":200},"end":{"line":18,"column":254}},"type":"if","locations":[{"start":{"line":18,"column":200},"end":{"line":18,"column":254}},{"start":{"line":18,"column":200},"end":{"line":18,"column":254}}],"line":18},"6":{"loc":{"start":{"line":20,"column":62},"end":{"line":20,"column":131}},"type":"if","locations":[{"start":{"line":20,"column":62},"end":{"line":20,"column":131}},{"start":{"line":20,"column":62},"end":{"line":20,"column":131}}],"line":20},"7":{"loc":{"start":{"line":20,"column":132},"end":{"line":20,"column":193}},"type":"if","locations":[{"start":{"line":20,"column":132},"end":{"line":20,"column":193}},{"start":{"line":20,"column":132},"end":{"line":20,"column":193}}],"line":20},"8":{"loc":{"start":{"line":54,"column":12},"end":{"line":68,"column":13}},"type":"switch","locations":[{"start":{"line":55,"column":14},"end":{"line":58,"column":235}},{"start":{"line":60,"column":14},"end":{"line":63,"column":58}},{"start":{"line":65,"column":14},"end":{"line":65,"column":21}},{"start":{"line":66,"column":14},"end":{"line":67,"column":39}}],"line":54},"9":{"loc":{"start":{"line":98,"column":12},"end":{"line":121,"column":13}},"type":"switch","locations":[{"start":{"line":99,"column":14},"end":{"line":102,"column":120}},{"start":{"line":104,"column":14},"end":{"line":113,"column":57}},{"start":{"line":115,"column":14},"end":{"line":116,"column":59}},{"start":{"line":118,"column":14},"end":{"line":118,"column":21}},{"start":{"line":119,"column":14},"end":{"line":120,"column":40}}],"line":98},"10":{"loc":{"start":{"line":108,"column":16},"end":{"line":111,"column":17}},"type":"if","locations":[{"start":{"line":108,"column":16},"end":{"line":111,"column":17}},{"start":{"line":108,"column":16},"end":{"line":111,"column":17}}],"line":108}},"s":{"0":1,"1":1,"2":1,"3":1,"4":8,"5":8,"6":8,"7":0,"8":0,"9":8,"10":4,"11":4,"12":2,"13":4,"14":4,"15":4,"16":4,"17":8,"18":0,"19":4,"20":0,"21":0,"22":1,"23":1,"24":2,"25":2,"26":2,"27":2,"28":2,"29":2,"30":1,"31":0,"32":1,"33":1,"34":1,"35":1,"36":0,"37":1,"38":1,"39":4,"40":12,"41":12,"42":4,"43":4,"44":4,"45":4,"46":4,"47":4,"48":4,"49":4,"50":1,"51":1,"52":0,"53":0,"54":0,"55":0,"56":0,"57":0,"58":0,"59":0,"60":0,"61":0,"62":0,"63":0,"64":0,"65":0,"66":0,"67":1,"68":1,"69":1},"f":{"0":1,"1":8,"2":2,"3":4,"4":4,"5":8,"6":0,"7":0,"8":1,"9":1,"10":1,"11":0,"12":1,"13":4,"14":12,"15":4,"16":1,"17":0,"18":0,"19":0},"b":{"0":[1,0],"1":[1,1],"2":[4,4],"3":[0,0],"4":[2,2],"5":[2,0],"6":[0,1],"7":[1,0],"8":[4,4,0,4],"9":[0,0,0,0,0],"10":[0,0]},"_coverageSchema":"43e27e138ebf9cfc5966b082cf9a028302ed4184","hash":"262e419041af6c1d52b7a4665dc200ba9b6ae231","contentHash":"34c51eda70af0ecb3126e35b6d731a3ab8b87f9b59092908fe6190c379c5c20b"},"C:\\Users\\UCHE\\Desktop\\projects\\wayFarer API\\db\\db.js":{"path":"C:\\Users\\UCHE\\Desktop\\projects\\wayFarer API\\db\\db.js","statementMap":{"0":{"start":{"line":3,"column":0},"end":{"line":5,"column":3}},"1":{"start":{"line":6,"column":0},"end":{"line":6,"column":28}},"2":{"start":{"line":8,"column":10},"end":{"line":8,"column":23}},"3":{"start":{"line":10,"column":14},"end":{"line":10,"column":55}},"4":{"start":{"line":12,"column":39},"end":{"line":12,"column":95}},"5":{"start":{"line":14,"column":0},"end":{"line":14,"column":28}},"6":{"start":{"line":16,"column":11},"end":{"line":18,"column":2}},"7":{"start":{"line":19,"column":0},"end":{"line":21,"column":3}},"8":{"start":{"line":20,"column":2},"end":{"line":20,"column":39}},"9":{"start":{"line":25,"column":15},"end":{"line":25,"column":19}},"10":{"start":{"line":26,"column":0},"end":{"line":26,"column":30}}},"fnMap":{"0":{"name":"_interopRequireDefault","decl":{"start":{"line":12,"column":9},"end":{"line":12,"column":31}},"loc":{"start":{"line":12,"column":37},"end":{"line":12,"column":97}},"line":12},"1":{"name":"(anonymous_1)","decl":{"start":{"line":19,"column":19},"end":{"line":19,"column":20}},"loc":{"start":{"line":19,"column":31},"end":{"line":21,"column":1}},"line":19}},"branchMap":{"0":{"loc":{"start":{"line":12,"column":46},"end":{"line":12,"column":94}},"type":"cond-expr","locations":[{"start":{"line":12,"column":70},"end":{"line":12,"column":73}},{"start":{"line":12,"column":76},"end":{"line":12,"column":94}}],"line":12},"1":{"loc":{"start":{"line":12,"column":46},"end":{"line":12,"column":67}},"type":"binary-expr","locations":[{"start":{"line":12,"column":46},"end":{"line":12,"column":49}},{"start":{"line":12,"column":53},"end":{"line":12,"column":67}}],"line":12}},"s":{"0":1,"1":1,"2":1,"3":1,"4":1,"5":1,"6":1,"7":1,"8":4,"9":1,"10":1},"f":{"0":1,"1":4},"b":{"0":[0,1],"1":[1,1]},"_coverageSchema":"43e27e138ebf9cfc5966b082cf9a028302ed4184","hash":"af0acaf75a856a97911b017d53340cc73bc6d57c","contentHash":"ea6cd7259777edcf93de0c2b1ec62ac356c5cb74e5bb31d5952bc4443beddad4"},"C:\\Users\\UCHE\\Desktop\\projects\\wayFarer API\\utilities\\encrypt.js":{"path":"C:\\Users\\UCHE\\Desktop\\projects\\wayFarer API\\utilities\\encrypt.js","statementMap":{"0":{"start":{"line":3,"column":0},"end":{"line":5,"column":3}},"1":{"start":{"line":6,"column":0},"end":{"line":6,"column":83}},"2":{"start":{"line":8,"column":16},"end":{"line":8,"column":59}},"3":{"start":{"line":10,"column":20},"end":{"line":10,"column":67}},"4":{"start":{"line":12,"column":14},"end":{"line":12,"column":55}},"5":{"start":{"line":14,"column":39},"end":{"line":14,"column":95}},"6":{"start":{"line":17,"column":0},"end":{"line":17,"column":28}},"7":{"start":{"line":35,"column":22},"end":{"line":37,"column":1}},"8":{"start":{"line":36,"column":2},"end":{"line":36,"column":53}},"9":{"start":{"line":49,"column":0},"end":{"line":49,"column":42}},"10":{"start":{"line":51,"column":22},"end":{"line":53,"column":1}},"11":{"start":{"line":52,"column":2},"end":{"line":52,"column":76}},"12":{"start":{"line":64,"column":0},"end":{"line":64,"column":42}},"13":{"start":{"line":66,"column":20},"end":{"line":78,"column":1}},"14":{"start":{"line":67,"column":16},"end":{"line":71,"column":3}},"15":{"start":{"line":73,"column":14},"end":{"line":75,"column":4}},"16":{"start":{"line":77,"column":2},"end":{"line":77,"column":15}},"17":{"start":{"line":80,"column":0},"end":{"line":80,"column":38}}},"fnMap":{"0":{"name":"_interopRequireDefault","decl":{"start":{"line":14,"column":9},"end":{"line":14,"column":31}},"loc":{"start":{"line":14,"column":37},"end":{"line":14,"column":97}},"line":14},"1":{"name":"encryptPassword","decl":{"start":{"line":35,"column":31},"end":{"line":35,"column":46}},"loc":{"start":{"line":35,"column":57},"end":{"line":37,"column":1}},"line":35},"2":{"name":"decryptPassword","decl":{"start":{"line":51,"column":31},"end":{"line":51,"column":46}},"loc":{"start":{"line":51,"column":81},"end":{"line":53,"column":1}},"line":51},"3":{"name":"generateToken","decl":{"start":{"line":66,"column":29},"end":{"line":66,"column":42}},"loc":{"start":{"line":66,"column":49},"end":{"line":78,"column":1}},"line":66}},"branchMap":{"0":{"loc":{"start":{"line":14,"column":46},"end":{"line":14,"column":94}},"type":"cond-expr","locations":[{"start":{"line":14,"column":70},"end":{"line":14,"column":73}},{"start":{"line":14,"column":76},"end":{"line":14,"column":94}}],"line":14},"1":{"loc":{"start":{"line":14,"column":46},"end":{"line":14,"column":67}},"type":"binary-expr","locations":[{"start":{"line":14,"column":46},"end":{"line":14,"column":49}},{"start":{"line":14,"column":53},"end":{"line":14,"column":67}}],"line":14}},"s":{"0":1,"1":1,"2":1,"3":1,"4":1,"5":3,"6":1,"7":1,"8":4,"9":1,"10":1,"11":0,"12":1,"13":1,"14":4,"15":4,"16":4,"17":1},"f":{"0":3,"1":4,"2":0,"3":4},"b":{"0":[0,3],"1":[3,3]},"_coverageSchema":"43e27e138ebf9cfc5966b082cf9a028302ed4184","hash":"713871c1a71416d61cab8a93ab02abd8cea1d7d0","contentHash":"52da9d3f64a827ae30d1149fbe3222a0e705b9cfd516f6ba31dc4a33c90b153b"},"C:\\Users\\UCHE\\Desktop\\projects\\wayFarer API\\controllers\\tripControllers.js":{"path":"C:\\Users\\UCHE\\Desktop\\projects\\wayFarer API\\controllers\\tripControllers.js","statementMap":{"0":{"start":{"line":3,"column":0},"end":{"line":5,"column":3}},"1":{"start":{"line":6,"column":0},"end":{"line":6,"column":28}},"2":{"start":{"line":8,"column":17},"end":{"line":8,"column":71}},"3":{"start":{"line":10,"column":39},"end":{"line":10,"column":95}},"4":{"start":{"line":12,"column":54},"end":{"line":12,"column":73}},"5":{"start":{"line":12,"column":75},"end":{"line":12,"column":326}},"6":{"start":{"line":12,"column":125},"end":{"line":12,"column":161}},"7":{"start":{"line":12,"column":163},"end":{"line":12,"column":292}},"8":{"start":{"line":12,"column":183},"end":{"line":12,"column":292}},"9":{"start":{"line":12,"column":225},"end":{"line":12,"column":288}},"10":{"start":{"line":12,"column":293},"end":{"line":12,"column":324}},"11":{"start":{"line":12,"column":327},"end":{"line":12,"column":339}},"12":{"start":{"line":14,"column":33},"end":{"line":14,"column":501}},"13":{"start":{"line":14,"column":46},"end":{"line":14,"column":47}},"14":{"start":{"line":14,"column":91},"end":{"line":14,"column":131}},"15":{"start":{"line":14,"column":133},"end":{"line":14,"column":499}},"16":{"start":{"line":14,"column":146},"end":{"line":14,"column":239}},"17":{"start":{"line":14,"column":193},"end":{"line":14,"column":235}},"18":{"start":{"line":14,"column":247},"end":{"line":14,"column":499}},"19":{"start":{"line":14,"column":287},"end":{"line":14,"column":361}},"20":{"start":{"line":14,"column":371},"end":{"line":14,"column":497}},"21":{"start":{"line":14,"column":412},"end":{"line":14,"column":493}},"22":{"start":{"line":14,"column":502},"end":{"line":14,"column":516}},"23":{"start":{"line":16,"column":44},"end":{"line":16,"column":195}},"24":{"start":{"line":16,"column":62},"end":{"line":16,"column":166}},"25":{"start":{"line":16,"column":176},"end":{"line":16,"column":193}},"26":{"start":{"line":16,"column":196},"end":{"line":16,"column":207}},"27":{"start":{"line":18,"column":77},"end":{"line":18,"column":175}},"28":{"start":{"line":18,"column":94},"end":{"line":18,"column":107}},"29":{"start":{"line":18,"column":121},"end":{"line":18,"column":131}},"30":{"start":{"line":18,"column":151},"end":{"line":18,"column":165}},"31":{"start":{"line":18,"column":166},"end":{"line":18,"column":173}},"32":{"start":{"line":18,"column":176},"end":{"line":18,"column":263}},"33":{"start":{"line":18,"column":193},"end":{"line":18,"column":208}},"34":{"start":{"line":18,"column":218},"end":{"line":18,"column":261}},"35":{"start":{"line":20,"column":33},"end":{"line":20,"column":387}},"36":{"start":{"line":20,"column":65},"end":{"line":20,"column":69}},"37":{"start":{"line":20,"column":78},"end":{"line":20,"column":87}},"38":{"start":{"line":20,"column":89},"end":{"line":20,"column":384}},"39":{"start":{"line":20,"column":147},"end":{"line":20,"column":167}},"40":{"start":{"line":20,"column":193},"end":{"line":20,"column":264}},"41":{"start":{"line":20,"column":290},"end":{"line":20,"column":360}},"42":{"start":{"line":20,"column":363},"end":{"line":20,"column":380}},"43":{"start":{"line":22,"column":50},"end":{"line":22,"column":151}},"44":{"start":{"line":22,"column":92},"end":{"line":22,"column":149}},"45":{"start":{"line":24,"column":44},"end":{"line":24,"column":315}},"46":{"start":{"line":24,"column":57},"end":{"line":24,"column":58}},"47":{"start":{"line":24,"column":102},"end":{"line":24,"column":110}},"48":{"start":{"line":24,"column":112},"end":{"line":24,"column":167}},"49":{"start":{"line":24,"column":168},"end":{"line":24,"column":199}},"50":{"start":{"line":24,"column":200},"end":{"line":24,"column":254}},"51":{"start":{"line":24,"column":227},"end":{"line":24,"column":254}},"52":{"start":{"line":24,"column":255},"end":{"line":24,"column":313}},"53":{"start":{"line":26,"column":62},"end":{"line":26,"column":131}},"54":{"start":{"line":26,"column":78},"end":{"line":26,"column":131}},"55":{"start":{"line":26,"column":132},"end":{"line":26,"column":193}},"56":{"start":{"line":26,"column":149},"end":{"line":26,"column":193}},"57":{"start":{"line":26,"column":194},"end":{"line":26,"column":213}},"58":{"start":{"line":28,"column":13},"end":{"line":28,"column":41}},"59":{"start":{"line":29,"column":19},"end":{"line":29,"column":52}},"60":{"start":{"line":30,"column":17},"end":{"line":30,"column":49}},"61":{"start":{"line":31,"column":19},"end":{"line":31,"column":53}},"62":{"start":{"line":32,"column":17},"end":{"line":32,"column":49}},"63":{"start":{"line":33,"column":17},"end":{"line":33,"column":49}},"64":{"start":{"line":43,"column":0},"end":{"line":496,"column":3}},"65":{"start":{"line":45,"column":4},"end":{"line":45,"column":43}},"66":{"start":{"line":48,"column":2},"end":{"line":493,"column":6}},"67":{"start":{"line":62,"column":24},"end":{"line":96,"column":9}},"68":{"start":{"line":66,"column":8},"end":{"line":95,"column":36}},"69":{"start":{"line":67,"column":10},"end":{"line":94,"column":11}},"70":{"start":{"line":68,"column":12},"end":{"line":93,"column":13}},"71":{"start":{"line":70,"column":16},"end":{"line":70,"column":34}},"72":{"start":{"line":71,"column":16},"end":{"line":71,"column":32}},"73":{"start":{"line":72,"column":16},"end":{"line":72,"column":34}},"74":{"start":{"line":73,"column":16},"end":{"line":73,"column":36}},"75":{"start":{"line":76,"column":16},"end":{"line":76,"column":40}},"76":{"start":{"line":77,"column":16},"end":{"line":80,"column":20}},"77":{"start":{"line":83,"column":16},"end":{"line":83,"column":34}},"78":{"start":{"line":84,"column":16},"end":{"line":84,"column":51}},"79":{"start":{"line":85,"column":16},"end":{"line":88,"column":20}},"80":{"start":{"line":92,"column":16},"end":{"line":92,"column":39}},"81":{"start":{"line":99,"column":8},"end":{"line":99,"column":50}},"82":{"start":{"line":102,"column":6},"end":{"line":102,"column":24}},"83":{"start":{"line":118,"column":29},"end":{"line":164,"column":9}},"84":{"start":{"line":122,"column":8},"end":{"line":163,"column":38}},"85":{"start":{"line":123,"column":10},"end":{"line":162,"column":11}},"86":{"start":{"line":124,"column":12},"end":{"line":161,"column":13}},"87":{"start":{"line":126,"column":16},"end":{"line":126,"column":35}},"88":{"start":{"line":127,"column":16},"end":{"line":127,"column":35}},"89":{"start":{"line":128,"column":16},"end":{"line":128,"column":35}},"90":{"start":{"line":129,"column":16},"end":{"line":129,"column":52}},"91":{"start":{"line":132,"column":16},"end":{"line":132,"column":45}},"92":{"start":{"line":134,"column":16},"end":{"line":137,"column":17}},"93":{"start":{"line":135,"column":18},"end":{"line":135,"column":37}},"94":{"start":{"line":136,"column":18},"end":{"line":136,"column":24}},"95":{"start":{"line":139,"column":16},"end":{"line":142,"column":20}},"96":{"start":{"line":145,"column":16},"end":{"line":148,"column":20}},"97":{"start":{"line":151,"column":16},"end":{"line":151,"column":36}},"98":{"start":{"line":152,"column":16},"end":{"line":152,"column":53}},"99":{"start":{"line":153,"column":16},"end":{"line":156,"column":20}},"100":{"start":{"line":160,"column":16},"end":{"line":160,"column":40}},"101":{"start":{"line":167,"column":8},"end":{"line":167,"column":55}},"102":{"start":{"line":170,"column":6},"end":{"line":170,"column":29}},"103":{"start":{"line":186,"column":26},"end":{"line":231,"column":9}},"104":{"start":{"line":190,"column":8},"end":{"line":230,"column":37}},"105":{"start":{"line":191,"column":10},"end":{"line":229,"column":11}},"106":{"start":{"line":192,"column":12},"end":{"line":228,"column":13}},"107":{"start":{"line":194,"column":16},"end":{"line":194,"column":35}},"108":{"start":{"line":195,"column":16},"end":{"line":195,"column":35}},"109":{"start":{"line":196,"column":16},"end":{"line":196,"column":38}},"110":{"start":{"line":199,"column":16},"end":{"line":199,"column":42}},"111":{"start":{"line":201,"column":16},"end":{"line":204,"column":17}},"112":{"start":{"line":202,"column":18},"end":{"line":202,"column":37}},"113":{"start":{"line":203,"column":18},"end":{"line":203,"column":24}},"114":{"start":{"line":206,"column":16},"end":{"line":209,"column":20}},"115":{"start":{"line":212,"column":16},"end":{"line":215,"column":20}},"116":{"start":{"line":218,"column":16},"end":{"line":218,"column":35}},"117":{"start":{"line":219,"column":16},"end":{"line":219,"column":53}},"118":{"start":{"line":220,"column":16},"end":{"line":223,"column":20}},"119":{"start":{"line":227,"column":16},"end":{"line":227,"column":40}},"120":{"start":{"line":234,"column":8},"end":{"line":234,"column":52}},"121":{"start":{"line":237,"column":6},"end":{"line":237,"column":25}},"122":{"start":{"line":253,"column":30},"end":{"line":332,"column":9}},"123":{"start":{"line":257,"column":8},"end":{"line":331,"column":38}},"124":{"start":{"line":258,"column":10},"end":{"line":330,"column":11}},"125":{"start":{"line":259,"column":12},"end":{"line":329,"column":13}},"126":{"start":{"line":261,"column":16},"end":{"line":261,"column":35}},"127":{"start":{"line":262,"column":16},"end":{"line":262,"column":35}},"128":{"start":{"line":263,"column":16},"end":{"line":263,"column":41}},"129":{"start":{"line":264,"column":16},"end":{"line":264,"column":35}},"130":{"start":{"line":265,"column":16},"end":{"line":265,"column":52}},"131":{"start":{"line":268,"column":16},"end":{"line":268,"column":49}},"132":{"start":{"line":270,"column":16},"end":{"line":273,"column":17}},"133":{"start":{"line":271,"column":18},"end":{"line":271,"column":37}},"134":{"start":{"line":272,"column":18},"end":{"line":272,"column":24}},"135":{"start":{"line":275,"column":16},"end":{"line":278,"column":20}},"136":{"start":{"line":281,"column":16},"end":{"line":284,"column":17}},"137":{"start":{"line":282,"column":18},"end":{"line":282,"column":38}},"138":{"start":{"line":283,"column":18},"end":{"line":283,"column":24}},"139":{"start":{"line":286,"column":16},"end":{"line":289,"column":20}},"140":{"start":{"line":292,"column":16},"end":{"line":295,"column":17}},"141":{"start":{"line":293,"column":18},"end":{"line":293,"column":38}},"142":{"start":{"line":294,"column":18},"end":{"line":294,"column":24}},"143":{"start":{"line":297,"column":16},"end":{"line":300,"column":20}},"144":{"start":{"line":303,"column":16},"end":{"line":306,"column":18}},"145":{"start":{"line":307,"column":16},"end":{"line":307,"column":36}},"146":{"start":{"line":308,"column":16},"end":{"line":308,"column":42}},"147":{"start":{"line":311,"column":16},"end":{"line":316,"column":20}},"148":{"start":{"line":319,"column":16},"end":{"line":319,"column":36}},"149":{"start":{"line":320,"column":16},"end":{"line":320,"column":53}},"150":{"start":{"line":321,"column":16},"end":{"line":324,"column":20}},"151":{"start":{"line":328,"column":16},"end":{"line":328,"column":40}},"152":{"start":{"line":335,"column":8},"end":{"line":335,"column":56}},"153":{"start":{"line":338,"column":6},"end":{"line":338,"column":30}},"154":{"start":{"line":354,"column":28},"end":{"line":407,"column":9}},"155":{"start":{"line":358,"column":8},"end":{"line":406,"column":38}},"156":{"start":{"line":359,"column":10},"end":{"line":405,"column":11}},"157":{"start":{"line":360,"column":12},"end":{"line":404,"column":13}},"158":{"start":{"line":362,"column":16},"end":{"line":362,"column":35}},"159":{"start":{"line":363,"column":16},"end":{"line":363,"column":35}},"160":{"start":{"line":364,"column":16},"end":{"line":364,"column":56}},"161":{"start":{"line":365,"column":16},"end":{"line":365,"column":35}},"162":{"start":{"line":366,"column":16},"end":{"line":366,"column":52}},"163":{"start":{"line":369,"column":16},"end":{"line":369,"column":49}},"164":{"start":{"line":371,"column":16},"end":{"line":374,"column":17}},"165":{"start":{"line":372,"column":18},"end":{"line":372,"column":37}},"166":{"start":{"line":373,"column":18},"end":{"line":373,"column":24}},"167":{"start":{"line":376,"column":16},"end":{"line":379,"column":20}},"168":{"start":{"line":382,"column":16},"end":{"line":382,"column":68}},"169":{"start":{"line":383,"column":16},"end":{"line":383,"column":36}},"170":{"start":{"line":384,"column":16},"end":{"line":384,"column":47}},"171":{"start":{"line":387,"column":16},"end":{"line":387,"column":51}},"172":{"start":{"line":388,"column":16},"end":{"line":391,"column":20}},"173":{"start":{"line":394,"column":16},"end":{"line":394,"column":36}},"174":{"start":{"line":395,"column":16},"end":{"line":395,"column":53}},"175":{"start":{"line":396,"column":16},"end":{"line":399,"column":20}},"176":{"start":{"line":403,"column":16},"end":{"line":403,"column":40}},"177":{"start":{"line":410,"column":8},"end":{"line":410,"column":54}},"178":{"start":{"line":413,"column":6},"end":{"line":413,"column":28}},"179":{"start":{"line":429,"column":25},"end":{"line":485,"column":9}},"180":{"start":{"line":433,"column":8},"end":{"line":484,"column":21}},"181":{"start":{"line":434,"column":10},"end":{"line":483,"column":11}},"182":{"start":{"line":435,"column":12},"end":{"line":482,"column":13}},"183":{"start":{"line":437,"column":16},"end":{"line":437,"column":35}},"184":{"start":{"line":438,"column":16},"end":{"line":438,"column":35}},"185":{"start":{"line":439,"column":16},"end":{"line":439,"column":38}},"186":{"start":{"line":442,"column":16},"end":{"line":442,"column":40}},"187":{"start":{"line":444,"column":16},"end":{"line":447,"column":17}},"188":{"start":{"line":445,"column":18},"end":{"line":445,"column":37}},"189":{"start":{"line":446,"column":18},"end":{"line":446,"column":24}},"190":{"start":{"line":449,"column":16},"end":{"line":452,"column":20}},"191":{"start":{"line":455,"column":16},"end":{"line":455,"column":35}},"192":{"start":{"line":456,"column":16},"end":{"line":456,"column":38}},"193":{"start":{"line":459,"column":16},"end":{"line":459,"column":44}},"194":{"start":{"line":461,"column":16},"end":{"line":464,"column":17}},"195":{"start":{"line":462,"column":18},"end":{"line":462,"column":38}},"196":{"start":{"line":463,"column":18},"end":{"line":463,"column":24}},"197":{"start":{"line":466,"column":16},"end":{"line":471,"column":20}},"198":{"start":{"line":474,"column":16},"end":{"line":477,"column":20}},"199":{"start":{"line":481,"column":16},"end":{"line":481,"column":40}},"200":{"start":{"line":488,"column":8},"end":{"line":488,"column":51}},"201":{"start":{"line":491,"column":6},"end":{"line":491,"column":25}},"202":{"start":{"line":495,"column":2},"end":{"line":495,"column":25}},"203":{"start":{"line":498,"column":0},"end":{"line":498,"column":37}}},"fnMap":{"0":{"name":"_interopRequireDefault","decl":{"start":{"line":10,"column":9},"end":{"line":10,"column":31}},"loc":{"start":{"line":10,"column":37},"end":{"line":10,"column":97}},"line":10},"1":{"name":"ownKeys","decl":{"start":{"line":12,"column":9},"end":{"line":12,"column":16}},"loc":{"start":{"line":12,"column":41},"end":{"line":12,"column":341}},"line":12},"2":{"name":"(anonymous_2)","decl":{"start":{"line":12,"column":208},"end":{"line":12,"column":209}},"loc":{"start":{"line":12,"column":223},"end":{"line":12,"column":290}},"line":12},"3":{"name":"_objectSpread","decl":{"start":{"line":14,"column":9},"end":{"line":14,"column":22}},"loc":{"start":{"line":14,"column":31},"end":{"line":14,"column":518}},"line":14},"4":{"name":"(anonymous_4)","decl":{"start":{"line":14,"column":176},"end":{"line":14,"column":177}},"loc":{"start":{"line":14,"column":191},"end":{"line":14,"column":237}},"line":14},"5":{"name":"(anonymous_5)","decl":{"start":{"line":14,"column":395},"end":{"line":14,"column":396}},"loc":{"start":{"line":14,"column":410},"end":{"line":14,"column":495}},"line":14},"6":{"name":"_defineProperty","decl":{"start":{"line":16,"column":9},"end":{"line":16,"column":24}},"loc":{"start":{"line":16,"column":42},"end":{"line":16,"column":209}},"line":16},"7":{"name":"asyncGeneratorStep","decl":{"start":{"line":18,"column":9},"end":{"line":18,"column":27}},"loc":{"start":{"line":18,"column":75},"end":{"line":18,"column":265}},"line":18},"8":{"name":"_asyncToGenerator","decl":{"start":{"line":20,"column":9},"end":{"line":20,"column":26}},"loc":{"start":{"line":20,"column":31},"end":{"line":20,"column":389}},"line":20},"9":{"name":"(anonymous_9)","decl":{"start":{"line":20,"column":40},"end":{"line":20,"column":41}},"loc":{"start":{"line":20,"column":52},"end":{"line":20,"column":386}},"line":20},"10":{"name":"(anonymous_10)","decl":{"start":{"line":20,"column":108},"end":{"line":20,"column":109}},"loc":{"start":{"line":20,"column":135},"end":{"line":20,"column":382}},"line":20},"11":{"name":"_next","decl":{"start":{"line":20,"column":178},"end":{"line":20,"column":183}},"loc":{"start":{"line":20,"column":191},"end":{"line":20,"column":266}},"line":20},"12":{"name":"_throw","decl":{"start":{"line":20,"column":276},"end":{"line":20,"column":282}},"loc":{"start":{"line":20,"column":288},"end":{"line":20,"column":362}},"line":20},"13":{"name":"_classCallCheck","decl":{"start":{"line":22,"column":9},"end":{"line":22,"column":24}},"loc":{"start":{"line":22,"column":48},"end":{"line":22,"column":153}},"line":22},"14":{"name":"_defineProperties","decl":{"start":{"line":24,"column":9},"end":{"line":24,"column":26}},"loc":{"start":{"line":24,"column":42},"end":{"line":24,"column":317}},"line":24},"15":{"name":"_createClass","decl":{"start":{"line":26,"column":9},"end":{"line":26,"column":21}},"loc":{"start":{"line":26,"column":60},"end":{"line":26,"column":215}},"line":26},"16":{"name":"(anonymous_16)","decl":{"start":{"line":43,"column":0},"end":{"line":43,"column":1}},"loc":{"start":{"line":43,"column":12},"end":{"line":496,"column":1}},"line":43},"17":{"name":"TripsController","decl":{"start":{"line":44,"column":11},"end":{"line":44,"column":26}},"loc":{"start":{"line":44,"column":29},"end":{"line":46,"column":3}},"line":44},"18":{"name":"(anonymous_18)","decl":{"start":{"line":61,"column":11},"end":{"line":61,"column":12}},"loc":{"start":{"line":61,"column":23},"end":{"line":103,"column":5}},"line":61},"19":{"name":"_callee","decl":{"start":{"line":64,"column":39},"end":{"line":64,"column":46}},"loc":{"start":{"line":64,"column":57},"end":{"line":96,"column":7}},"line":64},"20":{"name":"_callee$","decl":{"start":{"line":66,"column":48},"end":{"line":66,"column":56}},"loc":{"start":{"line":66,"column":67},"end":{"line":95,"column":9}},"line":66},"21":{"name":"createTrip","decl":{"start":{"line":98,"column":15},"end":{"line":98,"column":25}},"loc":{"start":{"line":98,"column":35},"end":{"line":100,"column":7}},"line":98},"22":{"name":"(anonymous_22)","decl":{"start":{"line":117,"column":11},"end":{"line":117,"column":12}},"loc":{"start":{"line":117,"column":23},"end":{"line":171,"column":5}},"line":117},"23":{"name":"_callee2","decl":{"start":{"line":120,"column":39},"end":{"line":120,"column":47}},"loc":{"start":{"line":120,"column":58},"end":{"line":164,"column":7}},"line":120},"24":{"name":"_callee2$","decl":{"start":{"line":122,"column":48},"end":{"line":122,"column":57}},"loc":{"start":{"line":122,"column":69},"end":{"line":163,"column":9}},"line":122},"25":{"name":"getSpecificTrip","decl":{"start":{"line":166,"column":15},"end":{"line":166,"column":30}},"loc":{"start":{"line":166,"column":41},"end":{"line":168,"column":7}},"line":166},"26":{"name":"(anonymous_26)","decl":{"start":{"line":185,"column":11},"end":{"line":185,"column":12}},"loc":{"start":{"line":185,"column":23},"end":{"line":238,"column":5}},"line":185},"27":{"name":"_callee3","decl":{"start":{"line":188,"column":39},"end":{"line":188,"column":47}},"loc":{"start":{"line":188,"column":58},"end":{"line":231,"column":7}},"line":188},"28":{"name":"_callee3$","decl":{"start":{"line":190,"column":48},"end":{"line":190,"column":57}},"loc":{"start":{"line":190,"column":69},"end":{"line":230,"column":9}},"line":190},"29":{"name":"getAllTrips","decl":{"start":{"line":233,"column":15},"end":{"line":233,"column":26}},"loc":{"start":{"line":233,"column":37},"end":{"line":235,"column":7}},"line":233},"30":{"name":"(anonymous_30)","decl":{"start":{"line":252,"column":11},"end":{"line":252,"column":12}},"loc":{"start":{"line":252,"column":23},"end":{"line":339,"column":5}},"line":252},"31":{"name":"_callee4","decl":{"start":{"line":255,"column":39},"end":{"line":255,"column":47}},"loc":{"start":{"line":255,"column":58},"end":{"line":332,"column":7}},"line":255},"32":{"name":"_callee4$","decl":{"start":{"line":257,"column":48},"end":{"line":257,"column":57}},"loc":{"start":{"line":257,"column":69},"end":{"line":331,"column":9}},"line":257},"33":{"name":"updateTripStatus","decl":{"start":{"line":334,"column":15},"end":{"line":334,"column":31}},"loc":{"start":{"line":334,"column":42},"end":{"line":336,"column":7}},"line":334},"34":{"name":"(anonymous_34)","decl":{"start":{"line":353,"column":11},"end":{"line":353,"column":12}},"loc":{"start":{"line":353,"column":23},"end":{"line":414,"column":5}},"line":353},"35":{"name":"_callee5","decl":{"start":{"line":356,"column":39},"end":{"line":356,"column":47}},"loc":{"start":{"line":356,"column":58},"end":{"line":407,"column":7}},"line":356},"36":{"name":"_callee5$","decl":{"start":{"line":358,"column":48},"end":{"line":358,"column":57}},"loc":{"start":{"line":358,"column":69},"end":{"line":406,"column":9}},"line":358},"37":{"name":"updateTripData","decl":{"start":{"line":409,"column":15},"end":{"line":409,"column":29}},"loc":{"start":{"line":409,"column":41},"end":{"line":411,"column":7}},"line":409},"38":{"name":"(anonymous_38)","decl":{"start":{"line":428,"column":11},"end":{"line":428,"column":12}},"loc":{"start":{"line":428,"column":23},"end":{"line":492,"column":5}},"line":428},"39":{"name":"_callee6","decl":{"start":{"line":431,"column":39},"end":{"line":431,"column":47}},"loc":{"start":{"line":431,"column":58},"end":{"line":485,"column":7}},"line":431},"40":{"name":"_callee6$","decl":{"start":{"line":433,"column":48},"end":{"line":433,"column":57}},"loc":{"start":{"line":433,"column":69},"end":{"line":484,"column":9}},"line":433},"41":{"name":"deleteATrip","decl":{"start":{"line":487,"column":15},"end":{"line":487,"column":26}},"loc":{"start":{"line":487,"column":39},"end":{"line":489,"column":7}},"line":487}},"branchMap":{"0":{"loc":{"start":{"line":10,"column":46},"end":{"line":10,"column":94}},"type":"cond-expr","locations":[{"start":{"line":10,"column":70},"end":{"line":10,"column":73}},{"start":{"line":10,"column":76},"end":{"line":10,"column":94}}],"line":10},"1":{"loc":{"start":{"line":10,"column":46},"end":{"line":10,"column":67}},"type":"binary-expr","locations":[{"start":{"line":10,"column":46},"end":{"line":10,"column":49}},{"start":{"line":10,"column":53},"end":{"line":10,"column":67}}],"line":10},"2":{"loc":{"start":{"line":12,"column":75},"end":{"line":12,"column":326}},"type":"if","locations":[{"start":{"line":12,"column":75},"end":{"line":12,"column":326}},{"start":{"line":12,"column":75},"end":{"line":12,"column":326}}],"line":12},"3":{"loc":{"start":{"line":12,"column":163},"end":{"line":12,"column":292}},"type":"if","locations":[{"start":{"line":12,"column":163},"end":{"line":12,"column":292}},{"start":{"line":12,"column":163},"end":{"line":12,"column":292}}],"line":12},"4":{"loc":{"start":{"line":14,"column":91},"end":{"line":14,"column":131}},"type":"cond-expr","locations":[{"start":{"line":14,"column":114},"end":{"line":14,"column":126}},{"start":{"line":14,"column":129},"end":{"line":14,"column":131}}],"line":14},"5":{"loc":{"start":{"line":14,"column":133},"end":{"line":14,"column":499}},"type":"if","locations":[{"start":{"line":14,"column":133},"end":{"line":14,"column":499}},{"start":{"line":14,"column":133},"end":{"line":14,"column":499}}],"line":14},"6":{"loc":{"start":{"line":14,"column":247},"end":{"line":14,"column":499}},"type":"if","locations":[{"start":{"line":14,"column":247},"end":{"line":14,"column":499}},{"start":{"line":14,"column":247},"end":{"line":14,"column":499}}],"line":14},"7":{"loc":{"start":{"line":16,"column":44},"end":{"line":16,"column":195}},"type":"if","locations":[{"start":{"line":16,"column":44},"end":{"line":16,"column":195}},{"start":{"line":16,"column":44},"end":{"line":16,"column":195}}],"line":16},"8":{"loc":{"start":{"line":18,"column":176},"end":{"line":18,"column":263}},"type":"if","locations":[{"start":{"line":18,"column":176},"end":{"line":18,"column":263}},{"start":{"line":18,"column":176},"end":{"line":18,"column":263}}],"line":18},"9":{"loc":{"start":{"line":22,"column":50},"end":{"line":22,"column":151}},"type":"if","locations":[{"start":{"line":22,"column":50},"end":{"line":22,"column":151}},{"start":{"line":22,"column":50},"end":{"line":22,"column":151}}],"line":22},"10":{"loc":{"start":{"line":24,"column":136},"end":{"line":24,"column":166}},"type":"binary-expr","locations":[{"start":{"line":24,"column":136},"end":{"line":24,"column":157}},{"start":{"line":24,"column":161},"end":{"line":24,"column":166}}],"line":24},"11":{"loc":{"start":{"line":24,"column":200},"end":{"line":24,"column":254}},"type":"if","locations":[{"start":{"line":24,"column":200},"end":{"line":24,"column":254}},{"start":{"line":24,"column":200},"end":{"line":24,"column":254}}],"line":24},"12":{"loc":{"start":{"line":26,"column":62},"end":{"line":26,"column":131}},"type":"if","locations":[{"start":{"line":26,"column":62},"end":{"line":26,"column":131}},{"start":{"line":26,"column":62},"end":{"line":26,"column":131}}],"line":26},"13":{"loc":{"start":{"line":26,"column":132},"end":{"line":26,"column":193}},"type":"if","locations":[{"start":{"line":26,"column":132},"end":{"line":26,"column":193}},{"start":{"line":26,"column":132},"end":{"line":26,"column":193}}],"line":26},"14":{"loc":{"start":{"line":68,"column":12},"end":{"line":93,"column":13}},"type":"switch","locations":[{"start":{"line":69,"column":14},"end":{"line":73,"column":36}},{"start":{"line":75,"column":14},"end":{"line":80,"column":20}},{"start":{"line":82,"column":14},"end":{"line":88,"column":20}},{"start":{"line":90,"column":14},"end":{"line":90,"column":22}},{"start":{"line":91,"column":14},"end":{"line":92,"column":39}}],"line":68},"15":{"loc":{"start":{"line":124,"column":12},"end":{"line":161,"column":13}},"type":"switch","locations":[{"start":{"line":125,"column":14},"end":{"line":129,"column":52}},{"start":{"line":131,"column":14},"end":{"line":142,"column":20}},{"start":{"line":144,"column":14},"end":{"line":148,"column":20}},{"start":{"line":150,"column":14},"end":{"line":156,"column":20}},{"start":{"line":158,"column":14},"end":{"line":158,"column":22}},{"start":{"line":159,"column":14},"end":{"line":160,"column":40}}],"line":124},"16":{"loc":{"start":{"line":134,"column":16},"end":{"line":137,"column":17}},"type":"if","locations":[{"start":{"line":134,"column":16},"end":{"line":137,"column":17}},{"start":{"line":134,"column":16},"end":{"line":137,"column":17}}],"line":134},"17":{"loc":{"start":{"line":192,"column":12},"end":{"line":228,"column":13}},"type":"switch","locations":[{"start":{"line":193,"column":14},"end":{"line":196,"column":38}},{"start":{"line":198,"column":14},"end":{"line":209,"column":20}},{"start":{"line":211,"column":14},"end":{"line":215,"column":20}},{"start":{"line":217,"column":14},"end":{"line":223,"column":20}},{"start":{"line":225,"column":14},"end":{"line":225,"column":22}},{"start":{"line":226,"column":14},"end":{"line":227,"column":40}}],"line":192},"18":{"loc":{"start":{"line":201,"column":16},"end":{"line":204,"column":17}},"type":"if","locations":[{"start":{"line":201,"column":16},"end":{"line":204,"column":17}},{"start":{"line":201,"column":16},"end":{"line":204,"column":17}}],"line":201},"19":{"loc":{"start":{"line":259,"column":12},"end":{"line":329,"column":13}},"type":"switch","locations":[{"start":{"line":260,"column":14},"end":{"line":265,"column":52}},{"start":{"line":267,"column":14},"end":{"line":278,"column":20}},{"start":{"line":280,"column":14},"end":{"line":289,"column":20}},{"start":{"line":291,"column":14},"end":{"line":300,"column":20}},{"start":{"line":302,"column":14},"end":{"line":308,"column":42}},{"start":{"line":310,"column":14},"end":{"line":316,"column":20}},{"start":{"line":318,"column":14},"end":{"line":324,"column":20}},{"start":{"line":326,"column":14},"end":{"line":326,"column":22}},{"start":{"line":327,"column":14},"end":{"line":328,"column":40}}],"line":259},"20":{"loc":{"start":{"line":270,"column":16},"end":{"line":273,"column":17}},"type":"if","locations":[{"start":{"line":270,"column":16},"end":{"line":273,"column":17}},{"start":{"line":270,"column":16},"end":{"line":273,"column":17}}],"line":270},"21":{"loc":{"start":{"line":281,"column":16},"end":{"line":284,"column":17}},"type":"if","locations":[{"start":{"line":281,"column":16},"end":{"line":284,"column":17}},{"start":{"line":281,"column":16},"end":{"line":284,"column":17}}],"line":281},"22":{"loc":{"start":{"line":292,"column":16},"end":{"line":295,"column":17}},"type":"if","locations":[{"start":{"line":292,"column":16},"end":{"line":295,"column":17}},{"start":{"line":292,"column":16},"end":{"line":295,"column":17}}],"line":292},"23":{"loc":{"start":{"line":360,"column":12},"end":{"line":404,"column":13}},"type":"switch","locations":[{"start":{"line":361,"column":14},"end":{"line":366,"column":52}},{"start":{"line":368,"column":14},"end":{"line":379,"column":20}},{"start":{"line":381,"column":14},"end":{"line":384,"column":47}},{"start":{"line":386,"column":14},"end":{"line":391,"column":20}},{"start":{"line":393,"column":14},"end":{"line":399,"column":20}},{"start":{"line":401,"column":14},"end":{"line":401,"column":22}},{"start":{"line":402,"column":14},"end":{"line":403,"column":40}}],"line":360},"24":{"loc":{"start":{"line":371,"column":16},"end":{"line":374,"column":17}},"type":"if","locations":[{"start":{"line":371,"column":16},"end":{"line":374,"column":17}},{"start":{"line":371,"column":16},"end":{"line":374,"column":17}}],"line":371},"25":{"loc":{"start":{"line":435,"column":12},"end":{"line":482,"column":13}},"type":"switch","locations":[{"start":{"line":436,"column":14},"end":{"line":439,"column":38}},{"start":{"line":441,"column":14},"end":{"line":452,"column":20}},{"start":{"line":454,"column":14},"end":{"line":456,"column":38}},{"start":{"line":458,"column":14},"end":{"line":471,"column":20}},{"start":{"line":473,"column":14},"end":{"line":477,"column":20}},{"start":{"line":479,"column":14},"end":{"line":479,"column":22}},{"start":{"line":480,"column":14},"end":{"line":481,"column":40}}],"line":435},"26":{"loc":{"start":{"line":444,"column":16},"end":{"line":447,"column":17}},"type":"if","locations":[{"start":{"line":444,"column":16},"end":{"line":447,"column":17}},{"start":{"line":444,"column":16},"end":{"line":447,"column":17}}],"line":444},"27":{"loc":{"start":{"line":461,"column":16},"end":{"line":464,"column":17}},"type":"if","locations":[{"start":{"line":461,"column":16},"end":{"line":464,"column":17}},{"start":{"line":461,"column":16},"end":{"line":464,"column":17}}],"line":461}},"s":{"0":1,"1":1,"2":1,"3":1,"4":1,"5":1,"6":1,"7":1,"8":1,"9":0,"10":1,"11":1,"12":1,"13":1,"14":1,"15":1,"16":1,"17":5,"18":0,"19":0,"20":0,"21":0,"22":1,"23":5,"24":0,"25":5,"26":5,"27":11,"28":11,"29":11,"30":0,"31":0,"32":11,"33":5,"34":6,"35":6,"36":5,"37":5,"38":5,"39":5,"40":11,"41":0,"42":5,"43":0,"44":0,"45":1,"46":1,"47":6,"48":6,"49":6,"50":6,"51":6,"52":6,"53":1,"54":0,"55":1,"56":1,"57":1,"58":1,"59":1,"60":1,"61":1,"62":1,"63":1,"64":1,"65":0,"66":1,"67":1,"68":1,"69":3,"70":3,"71":1,"72":1,"73":1,"74":1,"75":1,"76":1,"77":0,"78":0,"79":0,"80":1,"81":1,"82":1,"83":1,"84":1,"85":3,"86":4,"87":1,"88":1,"89":1,"90":1,"91":1,"92":1,"93":1,"94":1,"95":0,"96":1,"97":0,"98":0,"99":0,"100":1,"101":1,"102":1,"103":1,"104":1,"105":3,"106":3,"107":1,"108":1,"109":1,"110":1,"111":1,"112":0,"113":0,"114":1,"115":0,"116":0,"117":0,"118":0,"119":1,"120":1,"121":1,"122":1,"123":0,"124":0,"125":0,"126":0,"127":0,"128":0,"129":0,"130":0,"131":0,"132":0,"133":0,"134":0,"135":0,"136":0,"137":0,"138":0,"139":0,"140":0,"141":0,"142":0,"143":0,"144":0,"145":0,"146":0,"147":0,"148":0,"149":0,"150":0,"151":0,"152":0,"153":1,"154":1,"155":1,"156":4,"157":5,"158":1,"159":1,"160":1,"161":1,"162":1,"163":1,"164":1,"165":1,"166":1,"167":0,"168":1,"169":1,"170":1,"171":1,"172":1,"173":0,"174":0,"175":0,"176":1,"177":1,"178":1,"179":1,"180":1,"181":3,"182":3,"183":1,"184":1,"185":1,"186":1,"187":1,"188":0,"189":0,"190":1,"191":0,"192":0,"193":0,"194":0,"195":0,"196":0,"197":0,"198":0,"199":1,"200":1,"201":1,"202":1,"203":1},"f":{"0":1,"1":1,"2":0,"3":1,"4":5,"5":0,"6":5,"7":11,"8":6,"9":5,"10":5,"11":11,"12":0,"13":0,"14":1,"15":1,"16":1,"17":0,"18":1,"19":1,"20":3,"21":1,"22":1,"23":1,"24":3,"25":1,"26":1,"27":1,"28":3,"29":1,"30":1,"31":0,"32":0,"33":0,"34":1,"35":1,"36":4,"37":1,"38":1,"39":1,"40":3,"41":1},"b":{"0":[1,0],"1":[1,1],"2":[1,0],"3":[1,0],"4":[1,0],"5":[1,0],"6":[0,0],"7":[0,5],"8":[5,6],"9":[0,0],"10":[6,6],"11":[6,0],"12":[0,1],"13":[1,0],"14":[1,1,0,0,1],"15":[1,1,1,0,0,1],"16":[1,0],"17":[1,1,0,0,0,1],"18":[0,1],"19":[0,0,0,0,0,0,0,0,0],"20":[0,0],"21":[0,0],"22":[0,0],"23":[1,1,1,1,0,0,1],"24":[1,0],"25":[1,1,0,0,0,0,1],"26":[0,1],"27":[0,0]},"_coverageSchema":"43e27e138ebf9cfc5966b082cf9a028302ed4184","hash":"9598a9489c08d3593a394b39d384c8ebf67bdc94","contentHash":"0982e4c6bb11f65ce0f54d54188ed1e6056798ff6a0182d7e21ab8a74d30b6b0"},"C:\\Users\\UCHE
[...]
{"line":29,"column":28}},"22":{"start":{"line":30,"column":21},"end":{"line":30,"column":41}},"23":{"start":{"line":31,"column":20},"end":{"line":31,"column":39}},"24":{"start":{"line":32,"column":16},"end":{"line":32,"column":31}},"25":{"start":{"line":33,"column":19},"end":{"line":33,"column":37}},"26":{"start":{"line":35,"column":4},"end":{"line":40,"column":5}},"27":{"start":{"line":36,"column":6},"end":{"line":36,"column":99}},"28":{"start":{"line":37,"column":6},"end":{"line":37,"column":97}},"29":{"start":{"line":38,"column":6},"end":{"line":38,"column":97}},"30":{"start":{"line":39,"column":6},"end":{"line":39,"column":95}},"31":{"start":{"line":42,"column":4},"end":{"line":42,"column":109}},"32":{"start":{"line":43,"column":4},"end":{"line":43,"column":117}},"33":{"start":{"line":45,"column":4},"end":{"line":50,"column":5}},"34":{"start":{"line":46,"column":6},"end":{"line":49,"column":9}},"35":{"start":{"line":52,"column":4},"end":{"line":52,"column":18}},"36":{"start":{"line":55,"column":17},"end":{"line":55,"column":19}},"37":{"start":{"line":56,"column":21},"end":{"line":56,"column":29}},"38":{"start":{"line":57,"column":17},"end":{"line":57,"column":34}},"39":{"start":{"line":58,"column":17},"end":{"line":58,"column":34}},"40":{"start":{"line":59,"column":22},"end":{"line":59,"column":44}},"41":{"start":{"line":60,"column":15},"end":{"line":60,"column":30}},"42":{"start":{"line":61,"column":4},"end":{"line":61,"column":89}},"43":{"start":{"line":62,"column":4},"end":{"line":62,"column":89}},"44":{"start":{"line":63,"column":4},"end":{"line":63,"column":99}},"45":{"start":{"line":64,"column":4},"end":{"line":64,"column":85}},"46":{"start":{"line":65,"column":4},"end":{"line":65,"column":85}},"47":{"start":{"line":67,"column":4},"end":{"line":72,"column":5}},"48":{"start":{"line":68,"column":6},"end":{"line":71,"column":9}},"49":{"start":{"line":74,"column":4},"end":{"line":74,"column":18}},"50":{"start":{"line":77,"column":17},"end":{"line":77,"column":19}},"51":{"start":{"line":78,"column":17},"end":{"line":78,"column":32}},"52":{"start":{"line":79,"column":4},"end":{"line":79,"column":89}},"53":{"start":{"line":81,"column":4},"end":{"line":86,"column":5}},"54":{"start":{"line":82,"column":6},"end":{"line":85,"column":9}},"55":{"start":{"line":88,"column":4},"end":{"line":88,"column":18}},"56":{"start":{"line":91,"column":17},"end":{"line":91,"column":19}},"57":{"start":{"line":92,"column":21},"end":{"line":92,"column":29}},"58":{"start":{"line":93,"column":23},"end":{"line":93,"column":46}},"59":{"start":{"line":94,"column":16},"end":{"line":94,"column":32}},"60":{"start":{"line":95,"column":15},"end":{"line":95,"column":30}},"61":{"start":{"line":96,"column":23},"end":{"line":96,"column":46}},"62":{"start":{"line":97,"column":19},"end":{"line":97,"column":38}},"63":{"start":{"line":98,"column":4},"end":{"line":98,"column":101}},"64":{"start":{"line":99,"column":4},"end":{"line":99,"column":87}},"65":{"start":{"line":100,"column":4},"end":{"line":100,"column":85}},"66":{"start":{"line":101,"column":4},"end":{"line":101,"column":101}},"67":{"start":{"line":102,"column":4},"end":{"line":102,"column":99}},"68":{"start":{"line":103,"column":4},"end":{"line":103,"column":93}},"69":{"start":{"line":105,"column":4},"end":{"line":110,"column":5}},"70":{"start":{"line":106,"column":6},"end":{"line":109,"column":9}},"71":{"start":{"line":112,"column":4},"end":{"line":112,"column":18}},"72":{"start":{"line":115,"column":17},"end":{"line":115,"column":19}},"73":{"start":{"line":116,"column":21},"end":{"line":116,"column":29}},"74":{"start":{"line":117,"column":22},"end":{"line":117,"column":44}},"75":{"start":{"line":118,"column":18},"end":{"line":118,"column":36}},"76":{"start":{"line":119,"column":17},"end":{"line":119,"column":34}},"77":{"start":{"line":120,"column":21},"end":{"line":120,"column":42}},"78":{"start":{"line":121,"column":20},"end":{"line":121,"column":40}},"79":{"start":{"line":122,"column":4},"end":{"line":122,"column":97}},"80":{"start":{"line":123,"column":4},"end":{"line":123,"column":95}},"81":{"start":{"line":124,"column":4},"end":{"line":124,"column":99}},"82":{"start":{"line":125,"column":4},"end":{"line":125,"column":91}},"83":{"start":{"line":126,"column":4},"end":{"line":126,"column":89}},"84":{"start":{"line":128,"column":4},"end":{"line":133,"column":5}},"85":{"start":{"line":129,"column":6},"end":{"line":132,"column":9}},"86":{"start":{"line":135,"column":4},"end":{"line":135,"column":18}},"87":{"start":{"line":138,"column":0},"end":{"line":138,"column":30}}},"fnMap":{"0":{"name":"_interopRequireDefault","decl":{"start":{"line":12,"column":9},"end":{"line":12,"column":31}},"loc":{"start":{"line":12,"column":37},"end":{"line":12,"column":97}},"line":12},"1":{"name":"_toConsumableArray","decl":{"start":{"line":14,"column":9},"end":{"line":14,"column":27}},"loc":{"start":{"line":14,"column":33},"end":{"line":14,"column":117}},"line":14},"2":{"name":"_nonIterableSpread","decl":{"start":{"line":16,"column":9},"end":{"line":16,"column":27}},"loc":{"start":{"line":16,"column":30},"end":{"line":16,"column":105}},"line":16},"3":{"name":"_iterableToArray","decl":{"start":{"line":18,"column":9},"end":{"line":18,"column":25}},"loc":{"start":{"line":18,"column":32},"end":{"line":18,"column":162}},"line":18},"4":{"name":"_arrayWithoutHoles","decl":{"start":{"line":20,"column":9},"end":{"line":20,"column":27}},"loc":{"start":{"line":20,"column":33},"end":{"line":20,"column":166}},"line":20},"5":{"name":"auth","decl":{"start":{"line":27,"column":17},"end":{"line":27,"column":21}},"loc":{"start":{"line":27,"column":38},"end":{"line":53,"column":3}},"line":27},"6":{"name":"tripValidator","decl":{"start":{"line":54,"column":26},"end":{"line":54,"column":39}},"loc":{"start":{"line":54,"column":56},"end":{"line":75,"column":3}},"line":54},"7":{"name":"statusValidator","decl":{"start":{"line":76,"column":28},"end":{"line":76,"column":43}},"loc":{"start":{"line":76,"column":60},"end":{"line":89,"column":3}},"line":76},"8":{"name":"busValidator","decl":{"start":{"line":90,"column":25},"end":{"line":90,"column":37}},"loc":{"start":{"line":90,"column":54},"end":{"line":113,"column":3}},"line":90},"9":{"name":"bookingValidator","decl":{"start":{"line":114,"column":29},"end":{"line":114,"column":45}},"loc":{"start":{"line":114,"column":62},"end":{"line":136,"column":3}},"line":114}},"branchMap":{"0":{"loc":{"start":{"line":12,"column":46},"end":{"line":12,"column":94}},"type":"cond-expr","locations":[{"start":{"line":12,"column":70},"end":{"line":12,"column":73}},{"start":{"line":12,"column":76},"end":{"line":12,"column":94}}],"line":12},"1":{"loc":{"start":{"line":12,"column":46},"end":{"line":12,"column":67}},"type":"binary-expr","locations":[{"start":{"line":12,"column":46},"end":{"line":12,"column":49}},{"start":{"line":12,"column":53},"end":{"line":12,"column":67}}],"line":12},"2":{"loc":{"start":{"line":14,"column":42},"end":{"line":14,"column":114}},"type":"binary-expr","locations":[{"start":{"line":14,"column":42},"end":{"line":14,"column":65}},{"start":{"line":14,"column":69},"end":{"line":14,"column":90}},{"start":{"line":14,"column":94},"end":{"line":14,"column":114}}],"line":14},"3":{"loc":{"start":{"line":18,"column":34},"end":{"line":18,"column":160}},"type":"if","locations":[{"start":{"line":18,"column":34},"end":{"line":18,"column":160}},{"start":{"line":18,"column":34},"end":{"line":18,"column":160}}],"line":18},"4":{"loc":{"start":{"line":18,"column":38},"end":{"line":18,"column":134}},"type":"binary-expr","locations":[{"start":{"line":18,"column":38},"end":{"line":18,"column":69}},{"start":{"line":18,"column":73},"end":{"line":18,"column":134}}],"line":18},"5":{"loc":{"start":{"line":20,"column":35},"end":{"line":20,"column":164}},"type":"if","locations":[{"start":{"line":20,"column":35},"end":{"line":20,"column":164}},{"start":{"line":20,"column":35},"end":{"line":20,"column":164}}],"line":20},"6":{"loc":{"start":{"line":35,"column":4},"end":{"line":40,"column":5}},"type":"if","locations":[{"start":{"line":35,"column":4},"end":{"line":40,"column":5}},{"start":{"line":35,"column":4},"end":{"line":40,"column":5}}],"line":35},"7":{"loc":{"start":{"line":45,"column":4},"end":{"line":50,"column":5}},"type":"if","locations":[{"start":{"line":45,"column":4},"end":{"line":50,"column":5}},{"start":{"line":45,"column":4},"end":{"line":50,"column":5}}],"line":45},"8":{"loc":{"start":{"line":67,"column":4},"end":{"line":72,"column":5}},"type":"if","locations":[{"start":{"line":67,"column":4},"end":{"line":72,"column":5}},{"start":{"line":67,"column":4},"end":{"line":72,"column":5}}],"line":67},"9":{"loc":{"start":{"line":81,"column":4},"end":{"line":86,"column":5}},"type":"if","locations":[{"start":{"line":81,"column":4},"end":{"line":86,"column":5}},{"start":{"line":81,"column":4},"end":{"line":86,"column":5}}],"line":81},"10":{"loc":{"start":{"line":105,"column":4},"end":{"line":110,"column":5}},"type":"if","locations":[{"start":{"line":105,"column":4},"end":{"line":110,"column":5}},{"start":{"line":105,"column":4},"end":{"line":110,"column":5}}],"line":105},"11":{"loc":{"start":{"line":128,"column":4},"end":{"line":133,"column":5}},"type":"if","locations":[{"start":{"line":128,"column":4},"end":{"line":133,"column":5}},{"start":{"line":128,"column":4},"end":{"line":133,"column":5}}],"line":128}},"s":{"0":1,"1":1,"2":1,"3":1,"4":1,"5":40,"6":0,"7":0,"8":0,"9":40,"10":40,"11":40,"12":40,"13":0,"14":40,"15":1,"16":1,"17":1,"18":1,"19":1,"20":4,"21":4,"22":4,"23":4,"24":4,"25":4,"26":4,"27":4,"28":4,"29":4,"30":4,"31":4,"32":4,"33":4,"34":0,"35":4,"36":1,"37":1,"38":1,"39":1,"40":1,"41":1,"42":1,"43":1,"44":1,"45":1,"46":1,"47":1,"48":0,"49":1,"50":0,"51":0,"52":0,"53":0,"54":0,"55":0,"56":1,"57":1,"58":1,"59":1,"60":1,"61":1,"62":1,"63":1,"64":1,"65":1,"66":1,"67":1,"68":1,"69":1,"70":0,"71":1,"72":1,"73":1,"74":1,"75":1,"76":1,"77":1,"78":1,"79":1,"80":1,"81":1,"82":1,"83":1,"84":1,"85":0,"86":1,"87":1},"f":{"0":1,"1":40,"2":0,"3":0,"4":40,"5":4,"6":1,"7":0,"8":1,"9":1},"b":{"0":[1,0],"1":[1,1],"2":[40,0,0],"3":[0,0],"4":[0,0],"5":[40,0],"6":[4,0],"7":[0,4],"8":[0,1],"9":[0,0],"10":[0,1],"11":[0,1]},"_coverageSchema":"43e27e138ebf9cfc5966b082cf9a028302ed4184","hash":"a49579d5342be238b2c3e25562b592bdc17fd660","contentHash":"af546e6b106b07ab88584eaaea4076d337a1fca8b37a83be1c86482ed64224f8"},"C:\\Users\\UCHE\\Desktop\\projects\\wayFarer API\\utilities\\validationHelp.js":{"path":"C:\\Users\\UCHE\\Desktop\\projects\\wayFarer API\\utilities\\validationHelp.js","statementMap":{"0":{"start":{"line":3,"column":0},"end":{"line":5,"column":3}},"1":{"start":{"line":6,"column":0},"end":{"line":6,"column":28}},"2":{"start":{"line":7,"column":15},"end":{"line":31,"column":1}},"3":{"start":{"line":9,"column":4},"end":{"line":9,"column":58}},"4":{"start":{"line":9,"column":16},"end":{"line":9,"column":58}},"5":{"start":{"line":10,"column":4},"end":{"line":10,"column":14}},"6":{"start":{"line":13,"column":4},"end":{"line":13,"column":69}},"7":{"start":{"line":13,"column":28},"end":{"line":13,"column":69}},"8":{"start":{"line":14,"column":4},"end":{"line":14,"column":14}},"9":{"start":{"line":17,"column":19},"end":{"line":17,"column":36}},"10":{"start":{"line":18,"column":4},"end":{"line":18,"column":81}},"11":{"start":{"line":18,"column":27},"end":{"line":18,"column":81}},"12":{"start":{"line":19,"column":4},"end":{"line":19,"column":14}},"13":{"start":{"line":22,"column":4},"end":{"line":22,"column":82}},"14":{"start":{"line":22,"column":26},"end":{"line":22,"column":82}},"15":{"start":{"line":23,"column":4},"end":{"line":23,"column":14}},"16":{"start":{"line":26,"column":17},"end":{"line":26,"column":56}},"17":{"start":{"line":28,"column":4},"end":{"line":28,"column":87}},"18":{"start":{"line":28,"column":17},"end":{"line":28,"column":87}},"19":{"start":{"line":29,"column":4},"end":{"line":29,"column":14}},"20":{"start":{"line":32,"column":0},"end":{"line":32,"column":30}}},"fnMap":{"0":{"name":"checkForEmptyFields","decl":{"start":{"line":8,"column":32},"end":{"line":8,"column":51}},"loc":{"start":{"line":8,"column":66},"end":{"line":11,"column":3}},"line":8},"1":{"name":"checkPatternedFields","decl":{"start":{"line":12,"column":33},"end":{"line":12,"column":53}},"loc":{"start":{"line":12,"column":75},"end":{"line":15,"column":3}},"line":12},"2":{"name":"checkIntergerFields","decl":{"start":{"line":16,"column":32},"end":{"line":16,"column":51}},"loc":{"start":{"line":16,"column":66},"end":{"line":20,"column":3}},"line":16},"3":{"name":"checkStringFields","decl":{"start":{"line":21,"column":30},"end":{"line":21,"column":47}},"loc":{"start":{"line":21,"column":62},"end":{"line":24,"column":3}},"line":21},"4":{"name":"checkStatus","decl":{"start":{"line":25,"column":24},"end":{"line":25,"column":35}},"loc":{"start":{"line":25,"column":50},"end":{"line":30,"column":3}},"line":25}},"branchMap":{"0":{"loc":{"start":{"line":9,"column":4},"end":{"line":9,"column":58}},"type":"if","locations":[{"start":{"line":9,"column":4},"end":{"line":9,"column":58}},{"start":{"line":9,"column":4},"end":{"line":9,"column":58}}],"line":9},"1":{"loc":{"start":{"line":13,"column":4},"end":{"line":13,"column":69}},"type":"if","locations":[{"start":{"line":13,"column":4},"end":{"line":13,"column":69}},{"start":{"line":13,"column":4},"end":{"line":13,"column":69}}],"line":13},"2":{"loc":{"start":{"line":18,"column":4},"end":{"line":18,"column":81}},"type":"if","locations":[{"start":{"line":18,"column":4},"end":{"line":18,"column":81}},{"start":{"line":18,"column":4},"end":{"line":18,"column":81}}],"line":18},"3":{"loc":{"start":{"line":22,"column":4},"end":{"line":22,"column":82}},"type":"if","locations":[{"start":{"line":22,"column":4},"end":{"line":22,"column":82}},{"start":{"line":22,"column":4},"end":{"line":22,"column":82}}],"line":22},"4":{"loc":{"start":{"line":26,"column":32},"end":{"line":26,"column":55}},"type":"binary-expr","locations":[{"start":{"line":26,"column":32},"end":{"line":26,"column":40}},{"start":{"line":26,"column":44},"end":{"line":26,"column":55}}],"line":26},"5":{"loc":{"start":{"line":28,"column":4},"end":{"line":28,"column":87}},"type":"if","locations":[{"start":{"line":28,"column":4},"end":{"line":28,"column":87}},{"start":{"line":28,"column":4},"end":{"line":28,"column":87}}],"line":28}},"s":{"0":1,"1":1,"2":1,"3":21,"4":0,"5":21,"6":4,"7":0,"8":4,"9":6,"10":6,"11":0,"12":6,"13":9,"14":0,"15":9,"16":0,"17":0,"18":0,"19":0,"20":1},"f":{"0":21,"1":4,"2":6,"3":9,"4":0},"b":{"0":[0,21],"1":[0,4],"2":[0,6],"3":[0,9],"4":[0,0],"5":[0,0]},"_coverageSchema":"43e27e138ebf9cfc5966b082cf9a028302ed4184","hash":"8287f9e158d94e49a0e6baee21fa61ef947a6c3e","contentHash":"a90a0751ff73276d00261dec75fe9bde285127e5e5bb86d379ad3433a58f1181"},"C:\\Users\\UCHE\\Desktop\\projects\\wayFarer API\\utilities\\rexegen.js":{"path":"C:\\Users\\UCHE\\Desktop\\projects\\wayFarer API\\utilities\\rexegen.js","statementMap":{"0":{"start":{"line":3,"column":0},"end":{"line":5,"column":3}},"1":{"start":{"line":6,"column":0},"end":{"line":6,"column":101}},"2":{"start":{"line":21,"column":17},"end":{"line":21,"column":76}},"3":{"start":{"line":29,"column":0},"end":{"line":29,"column":32}},"4":{"start":{"line":30,"column":18},"end":{"line":30,"column":24}},"5":{"start":{"line":38,"column":0},"end":{"line":38,"column":34}},"6":{"start":{"line":39,"column":20},"end":{"line":39,"column":29}},"7":{"start":{"line":47,"column":0},"end":{"line":47,"column":38}},"8":{"start":{"line":48,"column":23},"end":{"line":48,"column":40}},"9":{"start":{"line":49,"column":0},"end":{"line":49,"column":44}}},"fnMap":{},"branchMap":{},"s":{"0":1,"1":1,"2":1,"3":1,"4":1,"5":1,"6":1,"7":1,"8":1,"9":1},"f":{},"b":{},"_coverageSchema":"43e27e138ebf9cfc5966b082cf9a028302ed4184","hash":"c56adc42b840033a44fa9d99af4ecb13d6ca20d5","contentHash":"94b2e459cbecb41ad6f76989798dcbf8d67fca085da304318f0c9f27ac2a5ec0"},"C:\\Users\\UCHE\\Desktop\\projects\\wayFarer API\\middlewares\\authenticate.js":{"path":"C:\\Users\\UCHE\\Desktop\\projects\\wayFarer API\\middlewares\\authenticate.js","statementMap":{"0":{"start":{"line":3,"column":0},"end":{"line":5,"column":3}},"1":{"start":{"line":6,"column":0},"end":{"line":6,"column":47}},"2":{"start":{"line":8,"column":20},"end":{"line":8,"column":67}},"3":{"start":{"line":10,"column":14},"end":{"line":10,"column":55}},"4":{"start":{"line":12,"column":39},"end":{"line":12,"column":95}},"5":{"start":{"line":19,"column":0},"end":{"line":19,"column":28}},"6":{"start":{"line":32,"column":18},"end":{"line":53,"column":1}},"7":{"start":{"line":33,"column":20},"end":{"line":33,"column":37}},"8":{"start":{"line":35,"column":2},"end":{"line":40,"column":3}},"9":{"start":{"line":36,"column":4},"end":{"line":39,"column":7}},"10":{"start":{"line":42,"column":2},"end":{"line":52,"column":5}},"11":{"start":{"line":43,"column":4},"end":{"line":48,"column":5}},"12":{"start":{"line":44,"column":6},"end":{"line":47,"column":9}},"13":{"start":{"line":50,"column":4},"end":{"line":50,"column":23}},"14":{"start":{"line":51,"column":4},"end":{"line":51,"column":18}},"15":{"start":{"line":65,"column":0},"end":{"line":65,"column":34}},"16":{"start":{"line":67,"column":14},"end":{"line":78,"column":1}},"17":{"start":{"line":68,"column":17},"end":{"line":68,"column":34}},"18":{"start":{"line":70,"column":2},"end":{"line":75,"column":3}},"19":{"start":{"line":71,"column":4},"end":{"line":74,"column":7}},"20":{"start":{"line":77,"column":2},"end":{"line":77,"column":16}},"21":{"start":{"line":80,"column":0},"end":{"line":80,"column":26}}},"fnMap":{"0":{"name":"_interopRequireDefault","decl":{"start":{"line":12,"column":9},"end":{"line":12,"column":31}},"loc":{"start":{"line":12,"column":37},"end":{"line":12,"column":97}},"line":12},"1":{"name":"verifyToken","decl":{"start":{"line":32,"column":27},"end":{"line":32,"column":38}},"loc":{"start":{"line":32,"column":55},"end":{"line":53,"column":1}},"line":32},"2":{"name":"(anonymous_2)","decl":{"start":{"line":42,"column":71},"end":{"line":42,"column":72}},"loc":{"start":{"line":42,"column":95},"end":{"line":52,"column":3}},"line":42},"3":{"name":"isAdmin","decl":{"start":{"line":67,"column":23},"end":{"line":67,"column":30}},"loc":{"start":{"line":67,"column":47},"end":{"line":78,"column":1}},"line":67}},"branchMap":{"0":{"loc":{"start":{"line":12,"column":46},"end":{"line":12,"column":94}},"type":"cond-expr","locations":[{"start":{"line":12,"column":70},"end":{"line":12,"column":73}},{"start":{"line":12,"column":76},"end":{"line":12,"column":94}}],"line":12},"1":{"loc":{"start":{"line":12,"column":46},"end":{"line":12,"column":67}},"type":"binary-expr","locations":[{"start":{"line":12,"column":46},"end":{"line":12,"column":49}},{"start":{"line":12,"column":53},"end":{"line":12,"column":67}}],"line":12},"2":{"loc":{"start":{"line":35,"column":2},"end":{"line":40,"column":3}},"type":"if","locations":[{"start":{"line":35,"column":2},"end":{"line":40,"column":3}},{"start":{"line":35,"column":2},"end":{"line":40,"column":3}}],"line":35},"3":{"loc":{"start":{"line":43,"column":4},"end":{"line":48,"column":5}},"type":"if","locations":[{"start":{"line":43,"column":4},"end":{"line":48,"column":5}},{"start":{"line":43,"column":4},"end":{"line":48,"column":5}}],"line":43},"4":{"loc":{"start":{"line":70,"column":2},"end":{"line":75,"column":3}},"type":"if","locations":[{"start":{"line":70,"column":2},"end":{"line":75,"column":3}},{"start":{"line":70,"column":2},"end":{"line":75,"column":3}}],"line":70}},"s":{"0":1,"1":1,"2":1,"3":1,"4":2,"5":1,"6":1,"7":15,"8":15,"9":0,"10":15,"11":15,"12":0,"13":15,"14":15,"15":1,"16":1,"17":13,"18":13,"19":0,"20":13,"21":1},"f":{"0":2,"1":15,"2":15,"3":13},"b":{"0":[0,2],"1":[2,2],"2":[0,15],"3":[0,15],"4":[0,13]},"_coverageSchema":"43e27e138ebf9cfc5966b082cf9a028302ed4184","hash":"f6e64db95fe9bb821d8843c3225c6ba18ce45eac","contentHash":"887a5e9c8865a69f6920c177dc3332f018e4f30d4ab607d0a006ffc9376003cc"}}